2023-03-02 07:13:55.551 -03 [4456] LOG:  starting PostgreSQL 14.6, compiled by Visual C++ build 1914, 64-bit
2023-03-02 07:13:55.557 -03 [4456] LOG:  listening on IPv6 address "::", port 5432
2023-03-02 07:13:55.557 -03 [4456] LOG:  listening on IPv4 address "0.0.0.0", port 5432
2023-03-02 07:13:56.048 -03 [3884] LOG:  database system was interrupted; last known up at 2023-03-01 08:45:48 -03
2023-03-02 07:14:06.914 -03 [3884] LOG:  database system was not properly shut down; automatic recovery in progress
2023-03-02 07:14:06.928 -03 [3884] LOG:  redo starts at 0/1930D58
2023-03-02 07:14:06.928 -03 [3884] LOG:  invalid record length at 0/1930E40: wanted 24, got 0
2023-03-02 07:14:06.928 -03 [3884] LOG:  redo done at 0/1930E08 system usage: CPU: user: 0.00 s, system: 0.00 s, elapsed: 0.00 s
2023-03-02 07:14:06.987 -03 [4456] LOG:  database system is ready to accept connections
2023-03-02 08:43:00.788 -03 [12072] ERROR:  syntax error at or near "$area$
	   BEGIN
	     UPDATE atualizacao set datatime = current_timestamp;
		 return new;
	   END;
	  $area$" at character 61
2023-03-02 08:43:00.788 -03 [12072] STATEMENT:  CREATE OR REPLACE FUNCTION autalizar_log () RETURNS TRIGGER $area$
	   BEGIN
	     UPDATE atualizacao set datatime = current_timestamp;
		 return new;
	   END;
	  $area$ LANGUAGE plpgsql;
2023-03-02 08:55:00.144 -03 [12072] ERROR:  syntax error at or near "RETURNS" at character 50
2023-03-02 08:55:00.144 -03 [12072] STATEMENT:  CREATE OR REPLACE FUNCTION trigger_function_area
	RETURNS trigger AS $areas$
	BEGIN
	 UPDATE atualizacao set datatime = current_timestamp;
	RETURN NEW;
	END;
	$areas
2023-03-02 08:55:43.276 -03 [12072] ERROR:  syntax error at or near "$areas$
	   BEGIN
	     UPDATE atualizacao set datatime = current_timestamp;
		 return new;
	   END;
	  $areas$" at character 61
2023-03-02 08:55:43.276 -03 [12072] STATEMENT:  CREATE OR REPLACE FUNCTION autalizar_log () RETURNS TRIGGER $areas$
	   BEGIN
	     UPDATE atualizacao set datatime = current_timestamp;
		 return new;
	   END;
	  $areas$ LANGUAGE plpgsql;
2023-03-02 08:57:13.215 -03 [12072] ERROR:  syntax error at or near "$area$
	   BEGIN
	     UPDATE atualizacao set datatime = current_timestamp;
		 return new;
	   END;
	  $area$" at character 61
2023-03-02 08:57:13.215 -03 [12072] STATEMENT:  CREATE OR REPLACE FUNCTION autalizar_log () RETURNS TRIGGER $area$
	   BEGIN
	     UPDATE atualizacao set datatime = current_timestamp;
		 return new;
	   END;
	  $area$ LANGUAGE plpgsql;
2023-03-02 08:57:29.730 -03 [12072] ERROR:  syntax error at or near "area" at character 61
2023-03-02 08:57:29.730 -03 [12072] STATEMENT:  CREATE OR REPLACE FUNCTION autalizar_log () RETURNS TRIGGER area
	   BEGIN
	     UPDATE atualizacao set datatime = current_timestamp;
		 return new;
	   END;
	  area LANGUAGE plpgsql;
2023-03-02 09:05:26.829 -03 [12072] ERROR:  syntax error at or near "{" at character 33
2023-03-02 09:05:26.829 -03 [12072] STATEMENT:  CREATE TRIGGER trigger_name 
	   {BEFORE | AFTER} { event }
	   ON area
	   [FOR [EACH] { ROW | STATEMENT }]
	       EXECUTE PROCEDURE trigger_function
2023-03-02 09:11:30.776 -03 [8852] ERROR:  controle atingiu o fim da função de gatilho sem RETURN
2023-03-02 09:11:30.776 -03 [8852] CONTEXT:  função PL/pgSQL trigger_function()
2023-03-02 09:11:30.776 -03 [8852] STATEMENT:  INSERT INTO public.area (
	codaria, codfaz, descricao, valor) VALUES (
	'10'::integer, '1'::integer, 'nova area'::character varying, '8'::numeric)
	 returning codaria;
2023-03-02 09:16:01.773 -03 [10632] LOG:  could not receive data from client: unrecognized winsock error 10054
2023-03-02 09:16:01.773 -03 [7892] LOG:  could not receive data from client: unrecognized winsock error 10054
2023-03-02 09:16:01.774 -03 [1256] LOG:  could not receive data from client: unrecognized winsock error 10054
2023-03-02 09:16:01.774 -03 [8852] LOG:  could not receive data from client: unrecognized winsock error 10054
2023-03-02 09:16:01.774 -03 [10700] LOG:  could not receive data from client: unrecognized winsock error 10054
2023-03-02 09:16:01.775 -03 [12072] LOG:  could not receive data from client: unrecognized winsock error 10054
2023-03-02 09:16:01.776 -03 [11728] LOG:  could not receive data from client: unrecognized winsock error 10054
2023-03-02 09:32:00.702 -03 [11360] ERROR:  cannot drop function trigger_function() because other objects depend on it
2023-03-02 09:32:00.702 -03 [11360] DETAIL:  trigger AreaTiggrer on table area depends on function trigger_function()
2023-03-02 09:32:00.702 -03 [11360] HINT:  Use DROP ... CASCADE to drop the dependent objects too.
2023-03-02 09:32:00.702 -03 [11360] STATEMENT:  
	DROP FUNCTION public.trigger_function();
	
2023-03-02 09:41:28.181 -03 [2040] ERROR:  relation "atualizacaos" does not exist at character 8
2023-03-02 09:41:28.181 -03 [2040] QUERY:  UPDATE atualizacaos set datatime = current_timestamp where descricao = 'Area'
2023-03-02 09:41:28.181 -03 [2040] CONTEXT:  função PL/pgSQL triggerarea_function() linha 3 em comando SQL
2023-03-02 09:41:28.181 -03 [2040] STATEMENT:  INSERT INTO public.area (
	codaria, codfaz, descricao, valor) VALUES (
	'10'::integer, '1'::integer, '1'::character varying, '8'::numeric)
	 returning codaria;
2023-03-02 09:43:04.558 -03 [2040] ERROR:  controle atingiu o fim da função de gatilho sem RETURN
2023-03-02 09:43:04.558 -03 [2040] CONTEXT:  função PL/pgSQL triggerarea_function()
2023-03-02 09:43:04.558 -03 [2040] STATEMENT:  INSERT INTO public.area (
	codaria, codfaz, descricao, valor) VALUES (
	'10'::integer, '1'::integer, '1'::character varying, '8'::numeric)
	 returning codaria;
2023-03-02 09:44:18.832 -03 [2040] ERROR:  controle atingiu o fim da função de gatilho sem RETURN
2023-03-02 09:44:18.832 -03 [2040] CONTEXT:  função PL/pgSQL triggerarea_function()
2023-03-02 09:44:18.832 -03 [2040] STATEMENT:  INSERT INTO public.area (
	codaria, codfaz, descricao, valor) VALUES (
	'10'::integer, '1'::integer, '1'::character varying, '8'::numeric)
	 returning codaria;
2023-03-02 09:44:31.986 -03 [2040] ERROR:  controle atingiu o fim da função de gatilho sem RETURN
2023-03-02 09:44:31.986 -03 [2040] CONTEXT:  função PL/pgSQL triggerarea_function()
2023-03-02 09:44:31.986 -03 [2040] STATEMENT:  INSERT INTO public.area (
	codaria, codfaz, descricao, valor) VALUES (
	'10'::integer, '1'::integer, '1'::character varying, '8'::numeric)
	 returning codaria;
2023-03-02 09:44:58.347 -03 [11360] ERROR:  cannot drop function triggerarea_function() because other objects depend on it
2023-03-02 09:44:58.347 -03 [11360] DETAIL:  trigger AreaTigger on table area depends on function triggerarea_function()
2023-03-02 09:44:58.347 -03 [11360] HINT:  Use DROP ... CASCADE to drop the dependent objects too.
2023-03-02 09:44:58.347 -03 [11360] STATEMENT:  
	DROP FUNCTION public.triggerarea_function();
	
2023-03-02 09:50:44.364 -03 [11552] ERROR:  syntax error at or near "RETURNS" at character 50
2023-03-02 09:50:44.364 -03 [11552] STATEMENT:  CREATE OR REPLACE FUNCTION trigger_function_name
	RETURNS trigger AS $ExemploFuncao$
	BEGIN
	  UPDATE atualizacoes set datatime = current_timestamp where descricao ='Area';
	RETURN NEW;
	END;
	$ExemploFuncao
2023-03-02 09:51:23.483 -03 [11552] ERROR:  unterminated dollar-quoted string at or near "$ExemploFuncao$
	BEGIN
	  UPDATE atualizacoes set datatime = current_timestamp where descricao ='Area';
	RETURN NEW;
	END;
	$ExemploFuncao" at character 71
2023-03-02 09:51:23.483 -03 [11552] STATEMENT:  CREATE OR REPLACE FUNCTION trigger_function_Area()
	RETURNS trigger AS $ExemploFuncao$
	BEGIN
	  UPDATE atualizacoes set datatime = current_timestamp where descricao ='Area';
	RETURN NEW;
	END;
	$ExemploFuncao
2023-03-02 09:57:44.906 -03 [11552] ERROR:  unterminated dollar-quoted string at or near "$BODY$
	BEGIN
	  UPDATE atualizacoes set datatime = current_timestamp where descricao ='Area';
	RETURN NEW;
	END;
	" at character 71
2023-03-02 09:57:44.906 -03 [11552] STATEMENT:  CREATE OR REPLACE FUNCTION trigger_function_Area()
	RETURNS trigger AS $BODY$
	BEGIN
	  UPDATE atualizacoes set datatime = current_timestamp where descricao ='Area';
	RETURN NEW;
	END;
	
2023-03-02 10:04:09.706 -03 [9544] ERROR:  controle atingiu o fim da função de gatilho sem RETURN
2023-03-02 10:04:09.706 -03 [9544] CONTEXT:  função PL/pgSQL triggerarea_function()
2023-03-02 10:04:09.706 -03 [9544] STATEMENT:  UPDATE public.area SET
	descricao = 'a'::character varying WHERE
	codaria = 9;
2023-03-02 10:16:13.899 -03 [9544] ERROR:  controle atingiu o fim da função de gatilho sem RETURN
2023-03-02 10:16:13.899 -03 [9544] CONTEXT:  função PL/pgSQL triggerarea_function()
2023-03-02 10:16:13.899 -03 [9544] STATEMENT:  UPDATE public.area SET
	descricao = 'a'::character varying WHERE
	codaria = 9;
2023-03-02 10:18:47.111 -03 [11360] ERROR:  erro de sintaxe em ou próximo a "UPDATE" at character 118
2023-03-02 10:18:47.111 -03 [11360] STATEMENT:  CREATE FUNCTION public."AtualizaArea"()
	    RETURNS SETOF trigger
	    LANGUAGE 'plpgsql'
	     NOT LEAKPROOF
	AS $BODY$UPDATE atualizacoes set datatime = current_timestamp where descricao ='Area';$BODY$;
	
	ALTER FUNCTION public."AtualizaArea"()
	    OWNER TO postgres;
2023-03-02 10:19:44.711 -03 [9544] ERROR:  controle atingiu o fim da função de gatilho sem RETURN
2023-03-02 10:19:44.711 -03 [9544] CONTEXT:  função PL/pgSQL "AtualizaArea"()
2023-03-02 10:19:44.711 -03 [9544] STATEMENT:  UPDATE public.area SET
	descricao = 'aa'::character varying WHERE
	codaria = 4;
2023-03-02 10:23:01.400 -03 [6876] ERROR:  controle atingiu o fim da função de gatilho sem RETURN
2023-03-02 10:23:01.400 -03 [6876] CONTEXT:  função PL/pgSQL "AtualizaArea"()
2023-03-02 10:23:01.400 -03 [6876] STATEMENT:  UPDATE public.area SET
	descricao = '1'::character varying WHERE
	codaria = 2;
2023-03-02 10:25:14.499 -03 [6876] ERROR:  controle atingiu o fim da função de gatilho sem RETURN
2023-03-02 10:25:14.499 -03 [6876] CONTEXT:  função PL/pgSQL "FunctionArea"()
2023-03-02 10:25:14.499 -03 [6876] STATEMENT:  UPDATE public.area SET
	descricao = 's'::character varying WHERE
	codaria = 2;
2023-03-02 10:55:21.884 -03 [9172] LOG:  could not receive data from client: unrecognized winsock error 10054
2023-03-02 10:55:21.885 -03 [560] LOG:  could not receive data from client: unrecognized winsock error 10054
2023-03-02 10:55:21.886 -03 [6876] LOG:  could not receive data from client: unrecognized winsock error 10054
2023-03-02 10:55:21.886 -03 [3852] LOG:  could not receive data from client: unrecognized winsock error 10054
2023-03-02 10:55:21.886 -03 [3268] LOG:  could not receive data from client: unrecognized winsock error 10054
2023-03-02 10:55:21.886 -03 [8764] LOG:  could not receive data from client: unrecognized winsock error 10054
2023-03-02 10:55:21.887 -03 [5900] LOG:  could not receive data from client: unrecognized winsock error 10054
2023-03-02 10:55:21.887 -03 [2256] LOG:  could not receive data from client: unrecognized winsock error 10054
2023-03-02 10:55:21.887 -03 [9544] LOG:  could not receive data from client: unrecognized winsock error 10054
2023-03-02 10:55:21.887 -03 [9528] LOG:  could not receive data from client: unrecognized winsock error 10054
2023-03-02 10:55:21.887 -03 [2040] LOG:  could not receive data from client: unrecognized winsock error 10054
2023-03-02 10:55:21.898 -03 [5936] LOG:  could not receive data from client: unrecognized winsock error 10054
2023-03-02 10:55:21.899 -03 [7044] LOG:  could not receive data from client: unrecognized winsock error 10054
2023-03-02 10:55:21.899 -03 [11552] LOG:  could not receive data from client: unrecognized winsock error 10054
2023-03-02 10:55:21.900 -03 [4784] LOG:  could not receive data from client: unrecognized winsock error 10054
2023-03-02 10:55:21.900 -03 [11360] LOG:  could not receive data from client: unrecognized winsock error 10054
2023-03-02 10:55:21.902 -03 [9644] LOG:  could not receive data from client: unrecognized winsock error 10054
2023-03-02 10:55:21.903 -03 [3456] LOG:  could not receive data from client: unrecognized winsock error 10054
2023-03-02 10:55:21.954 -03 [1616] LOG:  could not receive data from client: unrecognized winsock error 10054
2023-03-02 11:01:12.579 -03 [11416] LOG:  could not receive data from client: unrecognized winsock error 10054
2023-03-02 11:01:12.579 -03 [9776] LOG:  could not receive data from client: unrecognized winsock error 10054
2023-03-02 11:28:36.461 -03 [612] ERROR:  column "descricao" does not exist at character 29
2023-03-02 11:28:36.461 -03 [612] HINT:  Perhaps you meant to reference the column "area.Descricao".
2023-03-02 11:28:36.461 -03 [612] STATEMENT:  SELECT * FROM area ORDER BY descricao ASC
2023-03-02 11:29:53.299 -03 [11620] ERROR:  column "descricao" does not exist at character 29
2023-03-02 11:29:53.299 -03 [11620] HINT:  Perhaps you meant to reference the column "area.Descricao".
2023-03-02 11:29:53.299 -03 [11620] STATEMENT:  SELECT * FROM area ORDER BY Descricao ASC
2023-03-02 11:38:15.635 -03 [5116] ERROR:  column "Area" does not exist at character 45
2023-03-02 11:38:15.635 -03 [5116] STATEMENT:  select * from atualizacoes where descricao ="Area" 
2023-03-02 11:39:05.639 -03 [6992] ERROR:  column "Area" does not exist at character 45
2023-03-02 11:39:05.639 -03 [6992] STATEMENT:  select * from atualizacoes where descricao ="Area" 
2023-03-02 11:39:56.681 -03 [160] ERROR:  column "area" does not exist at character 46
2023-03-02 11:39:56.681 -03 [160] STATEMENT:  select * from atualizacoes where descricao = Area 
2023-03-02 13:56:35.162 -03 [4524] LOG:  could not receive data from client: unrecognized winsock error 10054
2023-03-02 15:41:31.761 -03 [4500] LOG:  could not receive data from client: unrecognized winsock error 10054
2023-03-02 15:42:47.418 -03 [13408] LOG:  could not receive data from client: unrecognized winsock error 10054
2023-03-02 15:48:53.557 -03 [13476] LOG:  could not receive data from client: unrecognized winsock error 10054
2023-03-02 15:49:30.411 -03 [5336] LOG:  could not receive data from client: unrecognized winsock error 10054
2023-03-02 16:34:50.670 -03 [9924] LOG:  could not receive data from client: unrecognized winsock error 10054
2023-03-02 16:57:42.634 -03 [5492] LOG:  could not receive data from client: unrecognized winsock error 10054
2023-03-02 16:57:42.635 -03 [7664] LOG:  could not receive data from client: unrecognized winsock error 10054
2023-03-02 16:57:42.635 -03 [3184] LOG:  could not receive data from client: unrecognized winsock error 10054
2023-03-02 16:57:42.637 -03 [4784] LOG:  could not receive data from client: unrecognized winsock error 10054
2023-03-02 16:57:42.695 -03 [6800] LOG:  could not receive data from client: unrecognized winsock error 10054
2023-03-03 07:17:54.347 -03 [12004] LOG:  could not receive data from client: unrecognized winsock error 10054
2023-03-03 07:24:59.683 -03 [7024] LOG:  could not receive data from client: unrecognized winsock error 10054
2023-03-03 07:41:09.899 -03 [12548] LOG:  could not receive data from client: unrecognized winsock error 10054
2023-03-03 10:18:29.390 -03 [7056] LOG:  could not receive data from client: unrecognized winsock error 10054
