2023-04-06 07:11:15.942 -03 [1848] ERROR:  update or delete on table "colhedor" violates foreign key constraint "vale_guuidcolhedor_fkey" on table "vale"
2023-04-06 07:11:15.942 -03 [1848] DETAIL:  Key (guuidcolhedor)=(0210fcbf-e93b-44fe-ad36-846e57dfce9c) is still referenced from table "vale".
2023-04-06 07:11:15.942 -03 [1848] STATEMENT:  DELETE FROM colhedor WHERE guuidcolhedor = $1
2023-04-06 07:11:22.553 -03 [5512] ERROR:  update or delete on table "colhedor" violates foreign key constraint "vale_guuidcolhedor_fkey" on table "vale"
2023-04-06 07:11:22.553 -03 [5512] DETAIL:  Key (guuidcolhedor)=(0210fcbf-e93b-44fe-ad36-846e57dfce9c) is still referenced from table "vale".
2023-04-06 07:11:22.553 -03 [5512] STATEMENT:  DELETE FROM colhedor WHERE guuidcolhedor = $1
2023-04-06 07:11:32.261 -03 [4164] ERROR:  update or delete on table "colhedor" violates foreign key constraint "vale_guuidcolhedor_fkey" on table "vale"
2023-04-06 07:11:32.261 -03 [4164] DETAIL:  Key (guuidcolhedor)=(0210fcbf-e93b-44fe-ad36-846e57dfce9c) is still referenced from table "vale".
2023-04-06 07:11:32.261 -03 [4164] STATEMENT:  DELETE FROM colhedor WHERE guuidcolhedor = $1
2023-04-06 07:11:32.734 -03 [3108] ERROR:  update or delete on table "colhedor" violates foreign key constraint "vale_guuidcolhedor_fkey" on table "vale"
2023-04-06 07:11:32.734 -03 [3108] DETAIL:  Key (guuidcolhedor)=(0210fcbf-e93b-44fe-ad36-846e57dfce9c) is still referenced from table "vale".
2023-04-06 07:11:32.734 -03 [3108] STATEMENT:  DELETE FROM colhedor WHERE guuidcolhedor = $1
2023-04-06 07:11:32.936 -03 [4332] ERROR:  update or delete on table "colhedor" violates foreign key constraint "vale_guuidcolhedor_fkey" on table "vale"
2023-04-06 07:11:32.936 -03 [4332] DETAIL:  Key (guuidcolhedor)=(0210fcbf-e93b-44fe-ad36-846e57dfce9c) is still referenced from table "vale".
2023-04-06 07:11:32.936 -03 [4332] STATEMENT:  DELETE FROM colhedor WHERE guuidcolhedor = $1
2023-04-06 07:11:33.215 -03 [4368] ERROR:  update or delete on table "colhedor" violates foreign key constraint "vale_guuidcolhedor_fkey" on table "vale"
2023-04-06 07:11:33.215 -03 [4368] DETAIL:  Key (guuidcolhedor)=(0210fcbf-e93b-44fe-ad36-846e57dfce9c) is still referenced from table "vale".
2023-04-06 07:11:33.215 -03 [4368] STATEMENT:  DELETE FROM colhedor WHERE guuidcolhedor = $1
2023-04-06 07:11:33.362 -03 [6672] ERROR:  update or delete on table "colhedor" violates foreign key constraint "vale_guuidcolhedor_fkey" on table "vale"
2023-04-06 07:11:33.362 -03 [6672] DETAIL:  Key (guuidcolhedor)=(0210fcbf-e93b-44fe-ad36-846e57dfce9c) is still referenced from table "vale".
2023-04-06 07:11:33.362 -03 [6672] STATEMENT:  DELETE FROM colhedor WHERE guuidcolhedor = $1
2023-04-06 07:11:33.542 -03 [2844] ERROR:  update or delete on table "colhedor" violates foreign key constraint "vale_guuidcolhedor_fkey" on table "vale"
2023-04-06 07:11:33.542 -03 [2844] DETAIL:  Key (guuidcolhedor)=(0210fcbf-e93b-44fe-ad36-846e57dfce9c) is still referenced from table "vale".
2023-04-06 07:11:33.542 -03 [2844] STATEMENT:  DELETE FROM colhedor WHERE guuidcolhedor = $1
2023-04-06 07:11:33.701 -03 [3516] ERROR:  update or delete on table "colhedor" violates foreign key constraint "vale_guuidcolhedor_fkey" on table "vale"
2023-04-06 07:11:33.701 -03 [3516] DETAIL:  Key (guuidcolhedor)=(0210fcbf-e93b-44fe-ad36-846e57dfce9c) is still referenced from table "vale".
2023-04-06 07:11:33.701 -03 [3516] STATEMENT:  DELETE FROM colhedor WHERE guuidcolhedor = $1
2023-04-06 07:11:33.857 -03 [6904] ERROR:  update or delete on table "colhedor" violates foreign key constraint "vale_guuidcolhedor_fkey" on table "vale"
2023-04-06 07:11:33.857 -03 [6904] DETAIL:  Key (guuidcolhedor)=(0210fcbf-e93b-44fe-ad36-846e57dfce9c) is still referenced from table "vale".
2023-04-06 07:11:33.857 -03 [6904] STATEMENT:  DELETE FROM colhedor WHERE guuidcolhedor = $1
2023-04-06 07:11:34.045 -03 [2784] ERROR:  update or delete on table "colhedor" violates foreign key constraint "vale_guuidcolhedor_fkey" on table "vale"
2023-04-06 07:11:34.045 -03 [2784] DETAIL:  Key (guuidcolhedor)=(0210fcbf-e93b-44fe-ad36-846e57dfce9c) is still referenced from table "vale".
2023-04-06 07:11:34.045 -03 [2784] STATEMENT:  DELETE FROM colhedor WHERE guuidcolhedor = $1
2023-04-06 07:11:34.189 -03 [4556] ERROR:  update or delete on table "colhedor" violates foreign key constraint "vale_guuidcolhedor_fkey" on table "vale"
2023-04-06 07:11:34.189 -03 [4556] DETAIL:  Key (guuidcolhedor)=(0210fcbf-e93b-44fe-ad36-846e57dfce9c) is still referenced from table "vale".
2023-04-06 07:11:34.189 -03 [4556] STATEMENT:  DELETE FROM colhedor WHERE guuidcolhedor = $1
2023-04-06 07:11:34.359 -03 [4424] ERROR:  update or delete on table "colhedor" violates foreign key constraint "vale_guuidcolhedor_fkey" on table "vale"
2023-04-06 07:11:34.359 -03 [4424] DETAIL:  Key (guuidcolhedor)=(0210fcbf-e93b-44fe-ad36-846e57dfce9c) is still referenced from table "vale".
2023-04-06 07:11:34.359 -03 [4424] STATEMENT:  DELETE FROM colhedor WHERE guuidcolhedor = $1
2023-04-06 07:11:34.557 -03 [4560] ERROR:  update or delete on table "colhedor" violates foreign key constraint "vale_guuidcolhedor_fkey" on table "vale"
2023-04-06 07:11:34.557 -03 [4560] DETAIL:  Key (guuidcolhedor)=(0210fcbf-e93b-44fe-ad36-846e57dfce9c) is still referenced from table "vale".
2023-04-06 07:11:34.557 -03 [4560] STATEMENT:  DELETE FROM colhedor WHERE guuidcolhedor = $1
2023-04-06 07:11:47.448 -03 [4712] ERROR:  update or delete on table "colhedor" violates foreign key constraint "vale_guuidcolhedor_fkey" on table "vale"
2023-04-06 07:11:47.448 -03 [4712] DETAIL:  Key (guuidcolhedor)=(0210fcbf-e93b-44fe-ad36-846e57dfce9c) is still referenced from table "vale".
2023-04-06 07:11:47.448 -03 [4712] STATEMENT:  DELETE FROM colhedor WHERE guuidcolhedor = $1
2023-04-06 07:12:13.504 -03 [6172] ERROR:  update or delete on table "colhedor" violates foreign key constraint "vale_guuidcolhedor_fkey" on table "vale"
2023-04-06 07:12:13.504 -03 [6172] DETAIL:  Key (guuidcolhedor)=(0210fcbf-e93b-44fe-ad36-846e57dfce9c) is still referenced from table "vale".
2023-04-06 07:12:13.504 -03 [6172] STATEMENT:  DELETE FROM colhedor WHERE guuidcolhedor = $1
2023-04-06 07:12:15.865 -03 [6808] ERROR:  update or delete on table "colhedor" violates foreign key constraint "vale_guuidcolhedor_fkey" on table "vale"
2023-04-06 07:12:15.865 -03 [6808] DETAIL:  Key (guuidcolhedor)=(0210fcbf-e93b-44fe-ad36-846e57dfce9c) is still referenced from table "vale".
2023-04-06 07:12:15.865 -03 [6808] STATEMENT:  DELETE FROM colhedor WHERE guuidcolhedor = $1
2023-04-06 07:12:16.089 -03 [3328] ERROR:  update or delete on table "colhedor" violates foreign key constraint "vale_guuidcolhedor_fkey" on table "vale"
2023-04-06 07:12:16.089 -03 [3328] DETAIL:  Key (guuidcolhedor)=(0210fcbf-e93b-44fe-ad36-846e57dfce9c) is still referenced from table "vale".
2023-04-06 07:12:16.089 -03 [3328] STATEMENT:  DELETE FROM colhedor WHERE guuidcolhedor = $1
2023-04-06 07:12:16.308 -03 [2000] ERROR:  update or delete on table "colhedor" violates foreign key constraint "vale_guuidcolhedor_fkey" on table "vale"
2023-04-06 07:12:16.308 -03 [2000] DETAIL:  Key (guuidcolhedor)=(0210fcbf-e93b-44fe-ad36-846e57dfce9c) is still referenced from table "vale".
2023-04-06 07:12:16.308 -03 [2000] STATEMENT:  DELETE FROM colhedor WHERE guuidcolhedor = $1
2023-04-06 07:12:16.508 -03 [5756] ERROR:  update or delete on table "colhedor" violates foreign key constraint "vale_guuidcolhedor_fkey" on table "vale"
2023-04-06 07:12:16.508 -03 [5756] DETAIL:  Key (guuidcolhedor)=(0210fcbf-e93b-44fe-ad36-846e57dfce9c) is still referenced from table "vale".
2023-04-06 07:12:16.508 -03 [5756] STATEMENT:  DELETE FROM colhedor WHERE guuidcolhedor = $1
2023-04-06 07:12:16.738 -03 [1740] ERROR:  update or delete on table "colhedor" violates foreign key constraint "vale_guuidcolhedor_fkey" on table "vale"
2023-04-06 07:12:16.738 -03 [1740] DETAIL:  Key (guuidcolhedor)=(0210fcbf-e93b-44fe-ad36-846e57dfce9c) is still referenced from table "vale".
2023-04-06 07:12:16.738 -03 [1740] STATEMENT:  DELETE FROM colhedor WHERE guuidcolhedor = $1
2023-04-06 07:12:16.970 -03 [6688] ERROR:  update or delete on table "colhedor" violates foreign key constraint "vale_guuidcolhedor_fkey" on table "vale"
2023-04-06 07:12:16.970 -03 [6688] DETAIL:  Key (guuidcolhedor)=(0210fcbf-e93b-44fe-ad36-846e57dfce9c) is still referenced from table "vale".
2023-04-06 07:12:16.970 -03 [6688] STATEMENT:  DELETE FROM colhedor WHERE guuidcolhedor = $1
2023-04-06 07:12:17.155 -03 [1680] ERROR:  update or delete on table "colhedor" violates foreign key constraint "vale_guuidcolhedor_fkey" on table "vale"
2023-04-06 07:12:17.155 -03 [1680] DETAIL:  Key (guuidcolhedor)=(0210fcbf-e93b-44fe-ad36-846e57dfce9c) is still referenced from table "vale".
2023-04-06 07:12:17.155 -03 [1680] STATEMENT:  DELETE FROM colhedor WHERE guuidcolhedor = $1
2023-04-06 07:12:28.394 -03 [5340] ERROR:  update or delete on table "colhedor" violates foreign key constraint "vale_guuidcolhedor_fkey" on table "vale"
2023-04-06 07:12:28.394 -03 [5340] DETAIL:  Key (guuidcolhedor)=(0210fcbf-e93b-44fe-ad36-846e57dfce9c) is still referenced from table "vale".
2023-04-06 07:12:28.394 -03 [5340] STATEMENT:  DELETE FROM colhedor WHERE guuidcolhedor = $1
2023-04-06 07:12:29.105 -03 [1852] ERROR:  update or delete on table "colhedor" violates foreign key constraint "vale_guuidcolhedor_fkey" on table "vale"
2023-04-06 07:12:29.105 -03 [1852] DETAIL:  Key (guuidcolhedor)=(0210fcbf-e93b-44fe-ad36-846e57dfce9c) is still referenced from table "vale".
2023-04-06 07:12:29.105 -03 [1852] STATEMENT:  DELETE FROM colhedor WHERE guuidcolhedor = $1
2023-04-06 07:12:29.620 -03 [6036] ERROR:  update or delete on table "colhedor" violates foreign key constraint "vale_guuidcolhedor_fkey" on table "vale"
2023-04-06 07:12:29.620 -03 [6036] DETAIL:  Key (guuidcolhedor)=(0210fcbf-e93b-44fe-ad36-846e57dfce9c) is still referenced from table "vale".
2023-04-06 07:12:29.620 -03 [6036] STATEMENT:  DELETE FROM colhedor WHERE guuidcolhedor = $1
2023-04-06 07:12:29.825 -03 [4696] ERROR:  update or delete on table "colhedor" violates foreign key constraint "vale_guuidcolhedor_fkey" on table "vale"
2023-04-06 07:12:29.825 -03 [4696] DETAIL:  Key (guuidcolhedor)=(0210fcbf-e93b-44fe-ad36-846e57dfce9c) is still referenced from table "vale".
2023-04-06 07:12:29.825 -03 [4696] STATEMENT:  DELETE FROM colhedor WHERE guuidcolhedor = $1
2023-04-06 07:12:30.014 -03 [1204] ERROR:  update or delete on table "colhedor" violates foreign key constraint "vale_guuidcolhedor_fkey" on table "vale"
2023-04-06 07:12:30.014 -03 [1204] DETAIL:  Key (guuidcolhedor)=(0210fcbf-e93b-44fe-ad36-846e57dfce9c) is still referenced from table "vale".
2023-04-06 07:12:30.014 -03 [1204] STATEMENT:  DELETE FROM colhedor WHERE guuidcolhedor = $1
2023-04-06 07:12:30.175 -03 [1980] ERROR:  update or delete on table "colhedor" violates foreign key constraint "vale_guuidcolhedor_fkey" on table "vale"
2023-04-06 07:12:30.175 -03 [1980] DETAIL:  Key (guuidcolhedor)=(0210fcbf-e93b-44fe-ad36-846e57dfce9c) is still referenced from table "vale".
2023-04-06 07:12:30.175 -03 [1980] STATEMENT:  DELETE FROM colhedor WHERE guuidcolhedor = $1
2023-04-06 07:12:30.380 -03 [5440] ERROR:  update or delete on table "colhedor" violates foreign key constraint "vale_guuidcolhedor_fkey" on table "vale"
2023-04-06 07:12:30.380 -03 [5440] DETAIL:  Key (guuidcolhedor)=(0210fcbf-e93b-44fe-ad36-846e57dfce9c) is still referenced from table "vale".
2023-04-06 07:12:30.380 -03 [5440] STATEMENT:  DELETE FROM colhedor WHERE guuidcolhedor = $1
2023-04-06 07:12:34.703 -03 [5940] ERROR:  update or delete on table "colhedor" violates foreign key constraint "vale_guuidcolhedor_fkey" on table "vale"
2023-04-06 07:12:34.703 -03 [5940] DETAIL:  Key (guuidcolhedor)=(0210fcbf-e93b-44fe-ad36-846e57dfce9c) is still referenced from table "vale".
2023-04-06 07:12:34.703 -03 [5940] STATEMENT:  DELETE FROM colhedor WHERE guuidcolhedor = $1
2023-04-06 07:12:34.923 -03 [5720] ERROR:  update or delete on table "colhedor" violates foreign key constraint "vale_guuidcolhedor_fkey" on table "vale"
2023-04-06 07:12:34.923 -03 [5720] DETAIL:  Key (guuidcolhedor)=(0210fcbf-e93b-44fe-ad36-846e57dfce9c) is still referenced from table "vale".
2023-04-06 07:12:34.923 -03 [5720] STATEMENT:  DELETE FROM colhedor WHERE guuidcolhedor = $1
2023-04-06 07:12:35.112 -03 [6060] ERROR:  update or delete on table "colhedor" violates foreign key constraint "vale_guuidcolhedor_fkey" on table "vale"
2023-04-06 07:12:35.112 -03 [6060] DETAIL:  Key (guuidcolhedor)=(0210fcbf-e93b-44fe-ad36-846e57dfce9c) is still referenced from table "vale".
2023-04-06 07:12:35.112 -03 [6060] STATEMENT:  DELETE FROM colhedor WHERE guuidcolhedor = $1
2023-04-06 07:12:35.315 -03 [1056] ERROR:  update or delete on table "colhedor" violates foreign key constraint "vale_guuidcolhedor_fkey" on table "vale"
2023-04-06 07:12:35.315 -03 [1056] DETAIL:  Key (guuidcolhedor)=(0210fcbf-e93b-44fe-ad36-846e57dfce9c) is still referenced from table "vale".
2023-04-06 07:12:35.315 -03 [1056] STATEMENT:  DELETE FROM colhedor WHERE guuidcolhedor = $1
2023-04-06 07:12:35.736 -03 [5980] ERROR:  update or delete on table "colhedor" violates foreign key constraint "vale_guuidcolhedor_fkey" on table "vale"
2023-04-06 07:12:35.736 -03 [5980] DETAIL:  Key (guuidcolhedor)=(0210fcbf-e93b-44fe-ad36-846e57dfce9c) is still referenced from table "vale".
2023-04-06 07:12:35.736 -03 [5980] STATEMENT:  DELETE FROM colhedor WHERE guuidcolhedor = $1
2023-04-06 07:12:35.903 -03 [6788] ERROR:  update or delete on table "colhedor" violates foreign key constraint "vale_guuidcolhedor_fkey" on table "vale"
2023-04-06 07:12:35.903 -03 [6788] DETAIL:  Key (guuidcolhedor)=(0210fcbf-e93b-44fe-ad36-846e57dfce9c) is still referenced from table "vale".
2023-04-06 07:12:35.903 -03 [6788] STATEMENT:  DELETE FROM colhedor WHERE guuidcolhedor = $1
2023-04-06 07:12:36.077 -03 [1804] ERROR:  update or delete on table "colhedor" violates foreign key constraint "vale_guuidcolhedor_fkey" on table "vale"
2023-04-06 07:12:36.077 -03 [1804] DETAIL:  Key (guuidcolhedor)=(0210fcbf-e93b-44fe-ad36-846e57dfce9c) is still referenced from table "vale".
2023-04-06 07:12:36.077 -03 [1804] STATEMENT:  DELETE FROM colhedor WHERE guuidcolhedor = $1
2023-04-06 07:12:36.237 -03 [4548] ERROR:  update or delete on table "colhedor" violates foreign key constraint "vale_guuidcolhedor_fkey" on table "vale"
2023-04-06 07:12:36.237 -03 [4548] DETAIL:  Key (guuidcolhedor)=(0210fcbf-e93b-44fe-ad36-846e57dfce9c) is still referenced from table "vale".
2023-04-06 07:12:36.237 -03 [4548] STATEMENT:  DELETE FROM colhedor WHERE guuidcolhedor = $1
2023-04-06 07:12:36.402 -03 [6600] ERROR:  update or delete on table "colhedor" violates foreign key constraint "vale_guuidcolhedor_fkey" on table "vale"
2023-04-06 07:12:36.402 -03 [6600] DETAIL:  Key (guuidcolhedor)=(0210fcbf-e93b-44fe-ad36-846e57dfce9c) is still referenced from table "vale".
2023-04-06 07:12:36.402 -03 [6600] STATEMENT:  DELETE FROM colhedor WHERE guuidcolhedor = $1
2023-04-06 07:12:36.556 -03 [4212] ERROR:  update or delete on table "colhedor" violates foreign key constraint "vale_guuidcolhedor_fkey" on table "vale"
2023-04-06 07:12:36.556 -03 [4212] DETAIL:  Key (guuidcolhedor)=(0210fcbf-e93b-44fe-ad36-846e57dfce9c) is still referenced from table "vale".
2023-04-06 07:12:36.556 -03 [4212] STATEMENT:  DELETE FROM colhedor WHERE guuidcolhedor = $1
2023-04-06 07:12:36.825 -03 [1212] ERROR:  update or delete on table "colhedor" violates foreign key constraint "vale_guuidcolhedor_fkey" on table "vale"
2023-04-06 07:12:36.825 -03 [1212] DETAIL:  Key (guuidcolhedor)=(0210fcbf-e93b-44fe-ad36-846e57dfce9c) is still referenced from table "vale".
2023-04-06 07:12:36.825 -03 [1212] STATEMENT:  DELETE FROM colhedor WHERE guuidcolhedor = $1
2023-04-06 07:12:36.993 -03 [4500] ERROR:  update or delete on table "colhedor" violates foreign key constraint "vale_guuidcolhedor_fkey" on table "vale"
2023-04-06 07:12:36.993 -03 [4500] DETAIL:  Key (guuidcolhedor)=(0210fcbf-e93b-44fe-ad36-846e57dfce9c) is still referenced from table "vale".
2023-04-06 07:12:36.993 -03 [4500] STATEMENT:  DELETE FROM colhedor WHERE guuidcolhedor = $1
2023-04-06 07:12:37.174 -03 [800] ERROR:  update or delete on table "colhedor" violates foreign key constraint "vale_guuidcolhedor_fkey" on table "vale"
2023-04-06 07:12:37.174 -03 [800] DETAIL:  Key (guuidcolhedor)=(0210fcbf-e93b-44fe-ad36-846e57dfce9c) is still referenced from table "vale".
2023-04-06 07:12:37.174 -03 [800] STATEMENT:  DELETE FROM colhedor WHERE guuidcolhedor = $1
2023-04-06 07:12:37.563 -03 [5484] ERROR:  update or delete on table "colhedor" violates foreign key constraint "vale_guuidcolhedor_fkey" on table "vale"
2023-04-06 07:12:37.563 -03 [5484] DETAIL:  Key (guuidcolhedor)=(0210fcbf-e93b-44fe-ad36-846e57dfce9c) is still referenced from table "vale".
2023-04-06 07:12:37.563 -03 [5484] STATEMENT:  DELETE FROM colhedor WHERE guuidcolhedor = $1
2023-04-06 07:12:37.758 -03 [3112] ERROR:  update or delete on table "colhedor" violates foreign key constraint "vale_guuidcolhedor_fkey" on table "vale"
2023-04-06 07:12:37.758 -03 [3112] DETAIL:  Key (guuidcolhedor)=(0210fcbf-e93b-44fe-ad36-846e57dfce9c) is still referenced from table "vale".
2023-04-06 07:12:37.758 -03 [3112] STATEMENT:  DELETE FROM colhedor WHERE guuidcolhedor = $1
2023-04-06 07:12:48.292 -03 [5548] ERROR:  update or delete on table "colhedor" violates foreign key constraint "vale_guuidcolhedor_fkey" on table "vale"
2023-04-06 07:12:48.292 -03 [5548] DETAIL:  Key (guuidcolhedor)=(0210fcbf-e93b-44fe-ad36-846e57dfce9c) is still referenced from table "vale".
2023-04-06 07:12:48.292 -03 [5548] STATEMENT:  DELETE FROM colhedor WHERE guuidcolhedor = $1
2023-04-06 07:12:51.566 -03 [6152] ERROR:  update or delete on table "colhedor" violates foreign key constraint "vale_guuidcolhedor_fkey" on table "vale"
2023-04-06 07:12:51.566 -03 [6152] DETAIL:  Key (guuidcolhedor)=(fb7ffe8d-e258-4fcd-92a5-fdb5a1f5dee9) is still referenced from table "vale".
2023-04-06 07:12:51.566 -03 [6152] STATEMENT:  DELETE FROM colhedor WHERE guuidcolhedor = $1
2023-04-06 07:12:52.345 -03 [6908] ERROR:  update or delete on table "colhedor" violates foreign key constraint "vale_guuidcolhedor_fkey" on table "vale"
2023-04-06 07:12:52.345 -03 [6908] DETAIL:  Key (guuidcolhedor)=(fb7ffe8d-e258-4fcd-92a5-fdb5a1f5dee9) is still referenced from table "vale".
2023-04-06 07:12:52.345 -03 [6908] STATEMENT:  DELETE FROM colhedor WHERE guuidcolhedor = $1
2023-04-06 07:12:52.557 -03 [3916] ERROR:  update or delete on table "colhedor" violates foreign key constraint "vale_guuidcolhedor_fkey" on table "vale"
2023-04-06 07:12:52.557 -03 [3916] DETAIL:  Key (guuidcolhedor)=(fb7ffe8d-e258-4fcd-92a5-fdb5a1f5dee9) is still referenced from table "vale".
2023-04-06 07:12:52.557 -03 [3916] STATEMENT:  DELETE FROM colhedor WHERE guuidcolhedor = $1
2023-04-06 07:12:52.710 -03 [7044] ERROR:  update or delete on table "colhedor" violates foreign key constraint "vale_guuidcolhedor_fkey" on table "vale"
2023-04-06 07:12:52.710 -03 [7044] DETAIL:  Key (guuidcolhedor)=(fb7ffe8d-e258-4fcd-92a5-fdb5a1f5dee9) is still referenced from table "vale".
2023-04-06 07:12:52.710 -03 [7044] STATEMENT:  DELETE FROM colhedor WHERE guuidcolhedor = $1
2023-04-06 07:12:52.941 -03 [1520] ERROR:  update or delete on table "colhedor" violates foreign key constraint "vale_guuidcolhedor_fkey" on table "vale"
2023-04-06 07:12:52.941 -03 [1520] DETAIL:  Key (guuidcolhedor)=(fb7ffe8d-e258-4fcd-92a5-fdb5a1f5dee9) is still referenced from table "vale".
2023-04-06 07:12:52.941 -03 [1520] STATEMENT:  DELETE FROM colhedor WHERE guuidcolhedor = $1
2023-04-06 07:12:53.100 -03 [3332] ERROR:  update or delete on table "colhedor" violates foreign key constraint "vale_guuidcolhedor_fkey" on table "vale"
2023-04-06 07:12:53.100 -03 [3332] DETAIL:  Key (guuidcolhedor)=(fb7ffe8d-e258-4fcd-92a5-fdb5a1f5dee9) is still referenced from table "vale".
2023-04-06 07:12:53.100 -03 [3332] STATEMENT:  DELETE FROM colhedor WHERE guuidcolhedor = $1
2023-04-06 07:12:53.375 -03 [1940] ERROR:  update or delete on table "colhedor" violates foreign key constraint "vale_guuidcolhedor_fkey" on table "vale"
2023-04-06 07:12:53.375 -03 [1940] DETAIL:  Key (guuidcolhedor)=(fb7ffe8d-e258-4fcd-92a5-fdb5a1f5dee9) is still referenced from table "vale".
2023-04-06 07:12:53.375 -03 [1940] STATEMENT:  DELETE FROM colhedor WHERE guuidcolhedor = $1
2023-04-06 07:12:53.504 -03 [4724] ERROR:  update or delete on table "colhedor" violates foreign key constraint "vale_guuidcolhedor_fkey" on table "vale"
2023-04-06 07:12:53.504 -03 [4724] DETAIL:  Key (guuidcolhedor)=(fb7ffe8d-e258-4fcd-92a5-fdb5a1f5dee9) is still referenced from table "vale".
2023-04-06 07:12:53.504 -03 [4724] STATEMENT:  DELETE FROM colhedor WHERE guuidcolhedor = $1
2023-04-06 07:12:53.675 -03 [2848] ERROR:  update or delete on table "colhedor" violates foreign key constraint "vale_guuidcolhedor_fkey" on table "vale"
2023-04-06 07:12:53.675 -03 [2848] DETAIL:  Key (guuidcolhedor)=(fb7ffe8d-e258-4fcd-92a5-fdb5a1f5dee9) is still referenced from table "vale".
2023-04-06 07:12:53.675 -03 [2848] STATEMENT:  DELETE FROM colhedor WHERE guuidcolhedor = $1
2023-04-06 07:12:54.171 -03 [2136] ERROR:  update or delete on table "colhedor" violates foreign key constraint "vale_guuidcolhedor_fkey" on table "vale"
2023-04-06 07:12:54.171 -03 [2136] DETAIL:  Key (guuidcolhedor)=(fb7ffe8d-e258-4fcd-92a5-fdb5a1f5dee9) is still referenced from table "vale".
2023-04-06 07:12:54.171 -03 [2136] STATEMENT:  DELETE FROM colhedor WHERE guuidcolhedor = $1
2023-04-06 07:12:54.187 -03 [3372] ERROR:  update or delete on table "colhedor" violates foreign key constraint "vale_guuidcolhedor_fkey" on table "vale"
2023-04-06 07:12:54.187 -03 [3372] DETAIL:  Key (guuidcolhedor)=(fb7ffe8d-e258-4fcd-92a5-fdb5a1f5dee9) is still referenced from table "vale".
2023-04-06 07:12:54.187 -03 [3372] STATEMENT:  DELETE FROM colhedor WHERE guuidcolhedor = $1
2023-04-06 07:12:54.220 -03 [1636] ERROR:  update or delete on table "colhedor" violates foreign key constraint "vale_guuidcolhedor_fkey" on table "vale"
2023-04-06 07:12:54.220 -03 [1636] DETAIL:  Key (guuidcolhedor)=(fb7ffe8d-e258-4fcd-92a5-fdb5a1f5dee9) is still referenced from table "vale".
2023-04-06 07:12:54.220 -03 [1636] STATEMENT:  DELETE FROM colhedor WHERE guuidcolhedor = $1
2023-04-06 07:13:10.914 -03 [3616] ERROR:  null value in column "codarea" of relation "colheita" violates not-null constraint
2023-04-06 07:13:10.914 -03 [3616] DETAIL:  Failing row contains (ceb2e699-e5d3-ed11-ab7a-c7ac31219fa4, 0210fcbf-e93b-44fe-ad36-846e57dfce9c, 1, null, 4, 2023-04-06, null, 10.00, 9.00, 90.00, null).
2023-04-06 07:13:10.914 -03 [3616] STATEMENT:  INSERT INTO colheita (guuidcolheita, guuidcolhedor, codverificador, codfaz, codarea, codquadra, data, qtd, valor, total ) VALUES ($1, $2, $3, $4, $5, $6, $7, $8, $9, $10)
2023-04-06 07:13:10.969 -03 [5900] LOG:  could not receive data from client: An existing connection was forcibly closed by the remote host.
	
2023-04-06 07:17:33.183 -03 [5468] ERROR:  update or delete on table "colhedor" violates foreign key constraint "vale_guuidcolhedor_fkey" on table "vale"
2023-04-06 07:17:33.183 -03 [5468] DETAIL:  Key (guuidcolhedor)=(0210fcbf-e93b-44fe-ad36-846e57dfce9c) is still referenced from table "vale".
2023-04-06 07:17:33.183 -03 [5468] STATEMENT:  DELETE FROM colhedor WHERE guuidcolhedor = $1
2023-04-06 07:17:33.780 -03 [6256] ERROR:  update or delete on table "colhedor" violates foreign key constraint "vale_guuidcolhedor_fkey" on table "vale"
2023-04-06 07:17:33.780 -03 [6256] DETAIL:  Key (guuidcolhedor)=(0210fcbf-e93b-44fe-ad36-846e57dfce9c) is still referenced from table "vale".
2023-04-06 07:17:33.780 -03 [6256] STATEMENT:  DELETE FROM colhedor WHERE guuidcolhedor = $1
2023-04-06 07:17:33.970 -03 [5336] ERROR:  update or delete on table "colhedor" violates foreign key constraint "vale_guuidcolhedor_fkey" on table "vale"
2023-04-06 07:17:33.970 -03 [5336] DETAIL:  Key (guuidcolhedor)=(0210fcbf-e93b-44fe-ad36-846e57dfce9c) is still referenced from table "vale".
2023-04-06 07:17:33.970 -03 [5336] STATEMENT:  DELETE FROM colhedor WHERE guuidcolhedor = $1
2023-04-06 07:17:34.154 -03 [5448] ERROR:  update or delete on table "colhedor" violates foreign key constraint "vale_guuidcolhedor_fkey" on table "vale"
2023-04-06 07:17:34.154 -03 [5448] DETAIL:  Key (guuidcolhedor)=(0210fcbf-e93b-44fe-ad36-846e57dfce9c) is still referenced from table "vale".
2023-04-06 07:17:34.154 -03 [5448] STATEMENT:  DELETE FROM colhedor WHERE guuidcolhedor = $1
2023-04-06 07:17:55.461 -03 [5800] ERROR:  update or delete on table "colhedor" violates foreign key constraint "vale_guuidcolhedor_fkey" on table "vale"
2023-04-06 07:17:55.461 -03 [5800] DETAIL:  Key (guuidcolhedor)=(0210fcbf-e93b-44fe-ad36-846e57dfce9c) is still referenced from table "vale".
2023-04-06 07:17:55.461 -03 [5800] STATEMENT:  DELETE FROM colhedor WHERE guuidcolhedor = $1
2023-04-06 07:17:55.903 -03 [1332] ERROR:  update or delete on table "colhedor" violates foreign key constraint "vale_guuidcolhedor_fkey" on table "vale"
2023-04-06 07:17:55.903 -03 [1332] DETAIL:  Key (guuidcolhedor)=(0210fcbf-e93b-44fe-ad36-846e57dfce9c) is still referenced from table "vale".
2023-04-06 07:17:55.903 -03 [1332] STATEMENT:  DELETE FROM colhedor WHERE guuidcolhedor = $1
2023-04-06 07:17:56.100 -03 [5096] ERROR:  update or delete on table "colhedor" violates foreign key constraint "vale_guuidcolhedor_fkey" on table "vale"
2023-04-06 07:17:56.100 -03 [5096] DETAIL:  Key (guuidcolhedor)=(0210fcbf-e93b-44fe-ad36-846e57dfce9c) is still referenced from table "vale".
2023-04-06 07:17:56.100 -03 [5096] STATEMENT:  DELETE FROM colhedor WHERE guuidcolhedor = $1
2023-04-06 07:17:56.214 -03 [4556] ERROR:  update or delete on table "colhedor" violates foreign key constraint "vale_guuidcolhedor_fkey" on table "vale"
2023-04-06 07:17:56.214 -03 [4556] DETAIL:  Key (guuidcolhedor)=(0210fcbf-e93b-44fe-ad36-846e57dfce9c) is still referenced from table "vale".
2023-04-06 07:17:56.214 -03 [4556] STATEMENT:  DELETE FROM colhedor WHERE guuidcolhedor = $1
2023-04-06 07:17:56.416 -03 [1208] ERROR:  update or delete on table "colhedor" violates foreign key constraint "vale_guuidcolhedor_fkey" on table "vale"
2023-04-06 07:17:56.416 -03 [1208] DETAIL:  Key (guuidcolhedor)=(0210fcbf-e93b-44fe-ad36-846e57dfce9c) is still referenced from table "vale".
2023-04-06 07:17:56.416 -03 [1208] STATEMENT:  DELETE FROM colhedor WHERE guuidcolhedor = $1
2023-04-06 07:19:40.203 -03 [1708] ERROR:  null value in column "codarea" of relation "colheita" violates not-null constraint
2023-04-06 07:19:40.203 -03 [1708] DETAIL:  Failing row contains (40f3eae1-e6d3-ed11-ae57-65e1d1fb342b, db70ec04-c9fa-4427-b00e-5b4b989f26be, 1, null, 4, 2023-04-06, null, 2.00, 9.00, 18.00, null).
2023-04-06 07:19:40.203 -03 [1708] STATEMENT:  INSERT INTO colheita (guuidcolheita, guuidcolhedor, codverificador, codfaz, codarea, codquadra, data, qtd, valor, total ) VALUES ($1, $2, $3, $4, $5, $6, $7, $8, $9, $10)
2023-04-06 07:19:40.260 -03 [6300] LOG:  could not receive data from client: An existing connection was forcibly closed by the remote host.
	
2023-04-06 07:35:34.906 -03 [6424] LOG:  could not receive data from client: An existing connection was forcibly closed by the remote host.
	
2023-04-06 07:35:34.906 -03 [6332] LOG:  could not receive data from client: An existing connection was forcibly closed by the remote host.
	
2023-04-06 07:35:34.907 -03 [6060] LOG:  could not receive data from client: An existing connection was forcibly closed by the remote host.
	
2023-04-06 07:35:34.909 -03 [6308] LOG:  could not receive data from client: An existing connection was forcibly closed by the remote host.
	
2023-04-06 07:35:34.910 -03 [6104] LOG:  could not receive data from client: An existing connection was forcibly closed by the remote host.
	
2023-04-06 07:35:34.914 -03 [4184] LOG:  could not receive data from client: An existing connection was forcibly closed by the remote host.
	
2023-04-06 07:41:01.288 -03 [4212] ERROR:  update or delete on table "colhedor" violates foreign key constraint "vale_guuidcolhedor_fkey" on table "vale"
2023-04-06 07:41:01.288 -03 [4212] DETAIL:  Key (guuidcolhedor)=(0210fcbf-e93b-44fe-ad36-846e57dfce9c) is still referenced from table "vale".
2023-04-06 07:41:01.288 -03 [4212] STATEMENT:  DELETE FROM colhedor WHERE guuidcolhedor = $1
2023-04-06 07:41:01.717 -03 [6556] ERROR:  update or delete on table "colhedor" violates foreign key constraint "vale_guuidcolhedor_fkey" on table "vale"
2023-04-06 07:41:01.717 -03 [6556] DETAIL:  Key (guuidcolhedor)=(0210fcbf-e93b-44fe-ad36-846e57dfce9c) is still referenced from table "vale".
2023-04-06 07:41:01.717 -03 [6556] STATEMENT:  DELETE FROM colhedor WHERE guuidcolhedor = $1
2023-04-06 07:41:01.898 -03 [532] ERROR:  update or delete on table "colhedor" violates foreign key constraint "vale_guuidcolhedor_fkey" on table "vale"
2023-04-06 07:41:01.898 -03 [532] DETAIL:  Key (guuidcolhedor)=(0210fcbf-e93b-44fe-ad36-846e57dfce9c) is still referenced from table "vale".
2023-04-06 07:41:01.898 -03 [532] STATEMENT:  DELETE FROM colhedor WHERE guuidcolhedor = $1
2023-04-06 07:41:02.239 -03 [5656] ERROR:  update or delete on table "colhedor" violates foreign key constraint "vale_guuidcolhedor_fkey" on table "vale"
2023-04-06 07:41:02.239 -03 [5656] DETAIL:  Key (guuidcolhedor)=(0210fcbf-e93b-44fe-ad36-846e57dfce9c) is still referenced from table "vale".
2023-04-06 07:41:02.239 -03 [5656] STATEMENT:  DELETE FROM colhedor WHERE guuidcolhedor = $1
2023-04-06 07:41:02.390 -03 [6080] ERROR:  update or delete on table "colhedor" violates foreign key constraint "vale_guuidcolhedor_fkey" on table "vale"
2023-04-06 07:41:02.390 -03 [6080] DETAIL:  Key (guuidcolhedor)=(0210fcbf-e93b-44fe-ad36-846e57dfce9c) is still referenced from table "vale".
2023-04-06 07:41:02.390 -03 [6080] STATEMENT:  DELETE FROM colhedor WHERE guuidcolhedor = $1
2023-04-06 07:41:02.539 -03 [6972] ERROR:  update or delete on table "colhedor" violates foreign key constraint "vale_guuidcolhedor_fkey" on table "vale"
2023-04-06 07:41:02.539 -03 [6972] DETAIL:  Key (guuidcolhedor)=(0210fcbf-e93b-44fe-ad36-846e57dfce9c) is still referenced from table "vale".
2023-04-06 07:41:02.539 -03 [6972] STATEMENT:  DELETE FROM colhedor WHERE guuidcolhedor = $1
2023-04-06 07:41:02.945 -03 [5452] ERROR:  update or delete on table "colhedor" violates foreign key constraint "vale_guuidcolhedor_fkey" on table "vale"
2023-04-06 07:41:02.945 -03 [5452] DETAIL:  Key (guuidcolhedor)=(0210fcbf-e93b-44fe-ad36-846e57dfce9c) is still referenced from table "vale".
2023-04-06 07:41:02.945 -03 [5452] STATEMENT:  DELETE FROM colhedor WHERE guuidcolhedor = $1
2023-04-06 07:41:03.143 -03 [6736] ERROR:  update or delete on table "colhedor" violates foreign key constraint "vale_guuidcolhedor_fkey" on table "vale"
2023-04-06 07:41:03.143 -03 [6736] DETAIL:  Key (guuidcolhedor)=(0210fcbf-e93b-44fe-ad36-846e57dfce9c) is still referenced from table "vale".
2023-04-06 07:41:03.143 -03 [6736] STATEMENT:  DELETE FROM colhedor WHERE guuidcolhedor = $1
2023-04-06 07:41:03.300 -03 [5804] ERROR:  update or delete on table "colhedor" violates foreign key constraint "vale_guuidcolhedor_fkey" on table "vale"
2023-04-06 07:41:03.300 -03 [5804] DETAIL:  Key (guuidcolhedor)=(0210fcbf-e93b-44fe-ad36-846e57dfce9c) is still referenced from table "vale".
2023-04-06 07:41:03.300 -03 [5804] STATEMENT:  DELETE FROM colhedor WHERE guuidcolhedor = $1
2023-04-06 07:41:03.440 -03 [332] ERROR:  update or delete on table "colhedor" violates foreign key constraint "vale_guuidcolhedor_fkey" on table "vale"
2023-04-06 07:41:03.440 -03 [332] DETAIL:  Key (guuidcolhedor)=(0210fcbf-e93b-44fe-ad36-846e57dfce9c) is still referenced from table "vale".
2023-04-06 07:41:03.440 -03 [332] STATEMENT:  DELETE FROM colhedor WHERE guuidcolhedor = $1
2023-04-06 07:41:03.624 -03 [5692] ERROR:  update or delete on table "colhedor" violates foreign key constraint "vale_guuidcolhedor_fkey" on table "vale"
2023-04-06 07:41:03.624 -03 [5692] DETAIL:  Key (guuidcolhedor)=(0210fcbf-e93b-44fe-ad36-846e57dfce9c) is still referenced from table "vale".
2023-04-06 07:41:03.624 -03 [5692] STATEMENT:  DELETE FROM colhedor WHERE guuidcolhedor = $1
2023-04-06 07:41:03.810 -03 [1336] ERROR:  update or delete on table "colhedor" violates foreign key constraint "vale_guuidcolhedor_fkey" on table "vale"
2023-04-06 07:41:03.810 -03 [1336] DETAIL:  Key (guuidcolhedor)=(0210fcbf-e93b-44fe-ad36-846e57dfce9c) is still referenced from table "vale".
2023-04-06 07:41:03.810 -03 [1336] STATEMENT:  DELETE FROM colhedor WHERE guuidcolhedor = $1
2023-04-06 07:41:04.067 -03 [4092] ERROR:  update or delete on table "colhedor" violates foreign key constraint "vale_guuidcolhedor_fkey" on table "vale"
2023-04-06 07:41:04.067 -03 [4092] DETAIL:  Key (guuidcolhedor)=(0210fcbf-e93b-44fe-ad36-846e57dfce9c) is still referenced from table "vale".
2023-04-06 07:41:04.067 -03 [4092] STATEMENT:  DELETE FROM colhedor WHERE guuidcolhedor = $1
2023-04-06 07:41:04.208 -03 [6852] ERROR:  update or delete on table "colhedor" violates foreign key constraint "vale_guuidcolhedor_fkey" on table "vale"
2023-04-06 07:41:04.208 -03 [6852] DETAIL:  Key (guuidcolhedor)=(0210fcbf-e93b-44fe-ad36-846e57dfce9c) is still referenced from table "vale".
2023-04-06 07:41:04.208 -03 [6852] STATEMENT:  DELETE FROM colhedor WHERE guuidcolhedor = $1
2023-04-06 07:42:49.684 -03 [5088] ERROR:  insert or update on table "colheita" violates foreign key constraint "colheita_guuidcolhedor_fkey"
2023-04-06 07:42:49.684 -03 [5088] DETAIL:  Key (guuidcolhedor)=(eae2d995-35c9-4989-89f0-15f642cd97ff) is not present in table "colhedor".
2023-04-06 07:42:49.684 -03 [5088] STATEMENT:  INSERT INTO colheita (guuidcolheita, guuidcolhedor, codverificador, codfaz, codarea, codquadra, data, qtd, valor, total ) VALUES ($1, $2, $3, $4, $5, $6, $7, $8, $9, $10)
2023-04-06 07:42:49.743 -03 [3708] LOG:  could not receive data from client: An existing connection was forcibly closed by the remote host.
	
2023-04-06 07:47:35.936 -03 [3884] ERROR:  update or delete on table "colhedor" violates foreign key constraint "vale_guuidcolhedor_fkey" on table "vale"
2023-04-06 07:47:35.936 -03 [3884] DETAIL:  Key (guuidcolhedor)=(0210fcbf-e93b-44fe-ad36-846e57dfce9c) is still referenced from table "vale".
2023-04-06 07:47:35.936 -03 [3884] STATEMENT:  DELETE FROM colhedor WHERE guuidcolhedor = $1
2023-04-06 07:47:42.626 -03 [5048] ERROR:  update or delete on table "colhedor" violates foreign key constraint "vale_guuidcolhedor_fkey" on table "vale"
2023-04-06 07:47:42.626 -03 [5048] DETAIL:  Key (guuidcolhedor)=(fb7ffe8d-e258-4fcd-92a5-fdb5a1f5dee9) is still referenced from table "vale".
2023-04-06 07:47:42.626 -03 [5048] STATEMENT:  DELETE FROM colhedor WHERE guuidcolhedor = $1
2023-04-06 07:47:45.804 -03 [2136] ERROR:  update or delete on table "colhedor" violates foreign key constraint "vale_guuidcolhedor_fkey" on table "vale"
2023-04-06 07:47:45.804 -03 [2136] DETAIL:  Key (guuidcolhedor)=(b7c6ba05-28e8-4a02-a251-cbf198d577de) is still referenced from table "vale".
2023-04-06 07:47:45.804 -03 [2136] STATEMENT:  DELETE FROM colhedor WHERE guuidcolhedor = $1
2023-04-06 07:47:46.991 -03 [7124] ERROR:  update or delete on table "colhedor" violates foreign key constraint "vale_guuidcolhedor_fkey" on table "vale"
2023-04-06 07:47:46.991 -03 [7124] DETAIL:  Key (guuidcolhedor)=(b7c6ba05-28e8-4a02-a251-cbf198d577de) is still referenced from table "vale".
2023-04-06 07:47:46.991 -03 [7124] STATEMENT:  DELETE FROM colhedor WHERE guuidcolhedor = $1
2023-04-06 08:27:21.588 -03 [3732] ERROR:  update or delete on table "quadra" violates foreign key constraint "colheita_codquadra_fkey" on table "colheita"
2023-04-06 08:27:21.588 -03 [3732] DETAIL:  Key (codquadra)=(4) is still referenced from table "colheita".
2023-04-06 08:27:21.588 -03 [3732] STATEMENT:  DELETE FROM quadra WHERE codquadra = $1
2023-04-06 08:27:22.457 -03 [5356] ERROR:  update or delete on table "quadra" violates foreign key constraint "colheita_codquadra_fkey" on table "colheita"
2023-04-06 08:27:22.457 -03 [5356] DETAIL:  Key (codquadra)=(4) is still referenced from table "colheita".
2023-04-06 08:27:22.457 -03 [5356] STATEMENT:  DELETE FROM quadra WHERE codquadra = $1
2023-04-06 08:27:22.664 -03 [2960] ERROR:  update or delete on table "quadra" violates foreign key constraint "colheita_codquadra_fkey" on table "colheita"
2023-04-06 08:27:22.664 -03 [2960] DETAIL:  Key (codquadra)=(4) is still referenced from table "colheita".
2023-04-06 08:27:22.664 -03 [2960] STATEMENT:  DELETE FROM quadra WHERE codquadra = $1
2023-04-06 08:27:22.853 -03 [5864] ERROR:  update or delete on table "quadra" violates foreign key constraint "colheita_codquadra_fkey" on table "colheita"
2023-04-06 08:27:22.853 -03 [5864] DETAIL:  Key (codquadra)=(4) is still referenced from table "colheita".
2023-04-06 08:27:22.853 -03 [5864] STATEMENT:  DELETE FROM quadra WHERE codquadra = $1
2023-04-06 08:27:23.078 -03 [3636] ERROR:  update or delete on table "quadra" violates foreign key constraint "colheita_codquadra_fkey" on table "colheita"
2023-04-06 08:27:23.078 -03 [3636] DETAIL:  Key (codquadra)=(4) is still referenced from table "colheita".
2023-04-06 08:27:23.078 -03 [3636] STATEMENT:  DELETE FROM quadra WHERE codquadra = $1
2023-04-06 08:27:32.616 -03 [6936] ERROR:  insert or update on table "colheita" violates foreign key constraint "colheita_codquadra_fkey"
2023-04-06 08:27:32.616 -03 [6936] DETAIL:  Key (codquadra)=(6) is not present in table "quadra".
2023-04-06 08:27:32.616 -03 [6936] STATEMENT:  INSERT INTO colheita (guuidcolheita, guuidcolhedor, codverificador, codfaz, codarea, codquadra, data, qtd, valor, total ) VALUES ($1, $2, $3, $4, $5, $6, $7, $8, $9, $10)
2023-04-06 08:28:47.325 -03 [6372] ERROR:  update or delete on table "quadra" violates foreign key constraint "colheita_codquadra_fkey" on table "colheita"
2023-04-06 08:28:47.325 -03 [6372] DETAIL:  Key (codquadra)=(4) is still referenced from table "colheita".
2023-04-06 08:28:47.325 -03 [6372] STATEMENT:  DELETE FROM quadra WHERE codquadra = $1
2023-04-06 08:28:48.072 -03 [2868] ERROR:  update or delete on table "quadra" violates foreign key constraint "colheita_codquadra_fkey" on table "colheita"
2023-04-06 08:28:48.072 -03 [2868] DETAIL:  Key (codquadra)=(4) is still referenced from table "colheita".
2023-04-06 08:28:48.072 -03 [2868] STATEMENT:  DELETE FROM quadra WHERE codquadra = $1
2023-04-06 08:28:48.261 -03 [468] ERROR:  update or delete on table "quadra" violates foreign key constraint "colheita_codquadra_fkey" on table "colheita"
2023-04-06 08:28:48.261 -03 [468] DETAIL:  Key (codquadra)=(4) is still referenced from table "colheita".
2023-04-06 08:28:48.261 -03 [468] STATEMENT:  DELETE FROM quadra WHERE codquadra = $1
2023-04-06 08:28:48.451 -03 [6432] ERROR:  update or delete on table "quadra" violates foreign key constraint "colheita_codquadra_fkey" on table "colheita"
2023-04-06 08:28:48.451 -03 [6432] DETAIL:  Key (codquadra)=(4) is still referenced from table "colheita".
2023-04-06 08:28:48.451 -03 [6432] STATEMENT:  DELETE FROM quadra WHERE codquadra = $1
2023-04-06 08:28:59.550 -03 [6860] ERROR:  update or delete on table "quadra" violates foreign key constraint "colheita_codquadra_fkey" on table "colheita"
2023-04-06 08:28:59.550 -03 [6860] DETAIL:  Key (codquadra)=(4) is still referenced from table "colheita".
2023-04-06 08:28:59.550 -03 [6860] STATEMENT:  DELETE FROM quadra WHERE codquadra = $1
2023-04-06 08:28:59.707 -03 [3752] ERROR:  update or delete on table "quadra" violates foreign key constraint "colheita_codquadra_fkey" on table "colheita"
2023-04-06 08:28:59.707 -03 [3752] DETAIL:  Key (codquadra)=(4) is still referenced from table "colheita".
2023-04-06 08:28:59.707 -03 [3752] STATEMENT:  DELETE FROM quadra WHERE codquadra = $1
2023-04-06 08:28:59.879 -03 [4060] ERROR:  update or delete on table "quadra" violates foreign key constraint "colheita_codquadra_fkey" on table "colheita"
2023-04-06 08:28:59.879 -03 [4060] DETAIL:  Key (codquadra)=(4) is still referenced from table "colheita".
2023-04-06 08:28:59.879 -03 [4060] STATEMENT:  DELETE FROM quadra WHERE codquadra = $1
2023-04-06 08:29:00.064 -03 [5124] ERROR:  update or delete on table "quadra" violates foreign key constraint "colheita_codquadra_fkey" on table "colheita"
2023-04-06 08:29:00.064 -03 [5124] DETAIL:  Key (codquadra)=(4) is still referenced from table "colheita".
2023-04-06 08:29:00.064 -03 [5124] STATEMENT:  DELETE FROM quadra WHERE codquadra = $1
2023-04-06 08:29:00.227 -03 [6104] ERROR:  update or delete on table "quadra" violates foreign key constraint "colheita_codquadra_fkey" on table "colheita"
2023-04-06 08:29:00.227 -03 [6104] DETAIL:  Key (codquadra)=(4) is still referenced from table "colheita".
2023-04-06 08:29:00.227 -03 [6104] STATEMENT:  DELETE FROM quadra WHERE codquadra = $1
2023-04-06 08:29:18.776 -03 [5980] ERROR:  update or delete on table "area" violates foreign key constraint "quadra_codarea_fkey" on table "quadra"
2023-04-06 08:29:18.776 -03 [5980] DETAIL:  Key (codarea)=(2) is still referenced from table "quadra".
2023-04-06 08:29:18.776 -03 [5980] STATEMENT:  DELETE FROM area WHERE codarea = $1
2023-04-06 08:29:19.360 -03 [5632] ERROR:  update or delete on table "area" violates foreign key constraint "quadra_codarea_fkey" on table "quadra"
2023-04-06 08:29:19.360 -03 [5632] DETAIL:  Key (codarea)=(2) is still referenced from table "quadra".
2023-04-06 08:29:19.360 -03 [5632] STATEMENT:  DELETE FROM area WHERE codarea = $1
2023-04-06 08:29:19.529 -03 [6788] ERROR:  update or delete on table "area" violates foreign key constraint "quadra_codarea_fkey" on table "quadra"
2023-04-06 08:29:19.529 -03 [6788] DETAIL:  Key (codarea)=(2) is still referenced from table "quadra".
2023-04-06 08:29:19.529 -03 [6788] STATEMENT:  DELETE FROM area WHERE codarea = $1
2023-04-06 08:29:19.691 -03 [2000] ERROR:  update or delete on table "area" violates foreign key constraint "quadra_codarea_fkey" on table "quadra"
2023-04-06 08:29:19.691 -03 [2000] DETAIL:  Key (codarea)=(2) is still referenced from table "quadra".
2023-04-06 08:29:19.691 -03 [2000] STATEMENT:  DELETE FROM area WHERE codarea = $1
2023-04-06 08:29:19.880 -03 [3848] ERROR:  update or delete on table "area" violates foreign key constraint "quadra_codarea_fkey" on table "quadra"
2023-04-06 08:29:19.880 -03 [3848] DETAIL:  Key (codarea)=(2) is still referenced from table "quadra".
2023-04-06 08:29:19.880 -03 [3848] STATEMENT:  DELETE FROM area WHERE codarea = $1
2023-04-06 08:29:20.054 -03 [7076] ERROR:  update or delete on table "area" violates foreign key constraint "quadra_codarea_fkey" on table "quadra"
2023-04-06 08:29:20.054 -03 [7076] DETAIL:  Key (codarea)=(2) is still referenced from table "quadra".
2023-04-06 08:29:20.054 -03 [7076] STATEMENT:  DELETE FROM area WHERE codarea = $1
2023-04-06 08:29:20.229 -03 [6700] ERROR:  update or delete on table "area" violates foreign key constraint "quadra_codarea_fkey" on table "quadra"
2023-04-06 08:29:20.229 -03 [6700] DETAIL:  Key (codarea)=(2) is still referenced from table "quadra".
2023-04-06 08:29:20.229 -03 [6700] STATEMENT:  DELETE FROM area WHERE codarea = $1
2023-04-06 08:29:20.425 -03 [1960] ERROR:  update or delete on table "area" violates foreign key constraint "quadra_codarea_fkey" on table "quadra"
2023-04-06 08:29:20.425 -03 [1960] DETAIL:  Key (codarea)=(2) is still referenced from table "quadra".
2023-04-06 08:29:20.425 -03 [1960] STATEMENT:  DELETE FROM area WHERE codarea = $1
2023-04-06 08:37:06.557 -03 [5088] ERROR:  update or delete on table "area" violates foreign key constraint "quadra_codarea_fkey" on table "quadra"
2023-04-06 08:37:06.557 -03 [5088] DETAIL:  Key (codarea)=(6) is still referenced from table "quadra".
2023-04-06 08:37:06.557 -03 [5088] STATEMENT:  DELETE FROM area WHERE codarea = $1
2023-04-06 08:37:06.752 -03 [5600] ERROR:  update or delete on table "area" violates foreign key constraint "quadra_codarea_fkey" on table "quadra"
2023-04-06 08:37:06.752 -03 [5600] DETAIL:  Key (codarea)=(6) is still referenced from table "quadra".
2023-04-06 08:37:06.752 -03 [5600] STATEMENT:  DELETE FROM area WHERE codarea = $1
2023-04-06 08:37:06.756 -03 [5736] ERROR:  update or delete on table "area" violates foreign key constraint "quadra_codarea_fkey" on table "quadra"
2023-04-06 08:37:06.756 -03 [5736] DETAIL:  Key (codarea)=(6) is still referenced from table "quadra".
2023-04-06 08:37:06.756 -03 [5736] STATEMENT:  DELETE FROM area WHERE codarea = $1
2023-04-06 08:42:07.250 -03 [4820] ERROR:  update or delete on table "area" violates foreign key constraint "quadra_codarea_fkey" on table "quadra"
2023-04-06 08:42:07.250 -03 [4820] DETAIL:  Key (codarea)=(7) is still referenced from table "quadra".
2023-04-06 08:42:07.250 -03 [4820] STATEMENT:  DELETE FROM area WHERE codarea = $1
2023-04-06 08:42:07.351 -03 [2976] ERROR:  update or delete on table "area" violates foreign key constraint "quadra_codarea_fkey" on table "quadra"
2023-04-06 08:42:07.351 -03 [2976] DETAIL:  Key (codarea)=(7) is still referenced from table "quadra".
2023-04-06 08:42:07.351 -03 [2976] STATEMENT:  DELETE FROM area WHERE codarea = $1
2023-04-06 08:42:07.538 -03 [6736] ERROR:  update or delete on table "area" violates foreign key constraint "quadra_codarea_fkey" on table "quadra"
2023-04-06 08:42:07.538 -03 [6736] DETAIL:  Key (codarea)=(7) is still referenced from table "quadra".
2023-04-06 08:42:07.538 -03 [6736] STATEMENT:  DELETE FROM area WHERE codarea = $1
2023-04-06 08:42:07.717 -03 [4120] ERROR:  update or delete on table "area" violates foreign key constraint "quadra_codarea_fkey" on table "quadra"
2023-04-06 08:42:07.717 -03 [4120] DETAIL:  Key (codarea)=(7) is still referenced from table "quadra".
2023-04-06 08:42:07.717 -03 [4120] STATEMENT:  DELETE FROM area WHERE codarea = $1
2023-04-06 08:42:07.900 -03 [1124] ERROR:  update or delete on table "area" violates foreign key constraint "quadra_codarea_fkey" on table "quadra"
2023-04-06 08:42:07.900 -03 [1124] DETAIL:  Key (codarea)=(7) is still referenced from table "quadra".
2023-04-06 08:42:07.900 -03 [1124] STATEMENT:  DELETE FROM area WHERE codarea = $1
2023-04-06 08:42:29.014 -03 [1988] ERROR:  update or delete on table "quadra" violates foreign key constraint "colheita_codquadra_fkey" on table "colheita"
2023-04-06 08:42:29.014 -03 [1988] DETAIL:  Key (codquadra)=(4) is still referenced from table "colheita".
2023-04-06 08:42:29.014 -03 [1988] STATEMENT:  DELETE FROM quadra WHERE codquadra = $1
2023-04-06 08:42:29.881 -03 [2792] ERROR:  update or delete on table "quadra" violates foreign key constraint "colheita_codquadra_fkey" on table "colheita"
2023-04-06 08:42:29.881 -03 [2792] DETAIL:  Key (codquadra)=(4) is still referenced from table "colheita".
2023-04-06 08:42:29.881 -03 [2792] STATEMENT:  DELETE FROM quadra WHERE codquadra = $1
2023-04-06 08:42:30.051 -03 [4716] ERROR:  update or delete on table "quadra" violates foreign key constraint "colheita_codquadra_fkey" on table "colheita"
2023-04-06 08:42:30.051 -03 [4716] DETAIL:  Key (codquadra)=(4) is still referenced from table "colheita".
2023-04-06 08:42:30.051 -03 [4716] STATEMENT:  DELETE FROM quadra WHERE codquadra = $1
2023-04-06 08:42:30.228 -03 [2532] ERROR:  update or delete on table "quadra" violates foreign key constraint "colheita_codquadra_fkey" on table "colheita"
2023-04-06 08:42:30.228 -03 [2532] DETAIL:  Key (codquadra)=(4) is still referenced from table "colheita".
2023-04-06 08:42:30.228 -03 [2532] STATEMENT:  DELETE FROM quadra WHERE codquadra = $1
2023-04-06 08:46:51.658 -03 [6344] ERROR:  null value in column "valor" of relation "vale" violates not-null constraint
2023-04-06 08:46:51.658 -03 [6344] DETAIL:  Failing row contains (d370ad1f-68eb-4553-806c-89f270d68a84, 0210fcbf-e93b-44fe-ad36-846e57dfce9c, 2023-04-13, 2023-04-06, t, , null).
2023-04-06 08:46:51.658 -03 [6344] STATEMENT:  INSERT INTO vale (guuidvale, guuidcolhedor, datadesconto, historico, valor ) VALUES ($1, $2, $3, $4, $5 )
2023-04-06 08:46:55.113 -03 [3128] ERROR:  null value in column "valor" of relation "vale" violates not-null constraint
2023-04-06 08:46:55.113 -03 [3128] DETAIL:  Failing row contains (4a8c0a65-ba40-474f-9888-1e8ed3afaf06, 0210fcbf-e93b-44fe-ad36-846e57dfce9c, 2023-04-13, 2023-04-06, t, , null).
2023-04-06 08:46:55.113 -03 [3128] STATEMENT:  INSERT INTO vale (guuidvale, guuidcolhedor, datadesconto, historico, valor ) VALUES ($1, $2, $3, $4, $5 )
2023-04-06 08:47:02.644 -03 [3984] ERROR:  null value in column "valor" of relation "vale" violates not-null constraint
2023-04-06 08:47:02.644 -03 [3984] DETAIL:  Failing row contains (0a13c2a0-d2ad-4cc8-9050-c5fb842c2566, 0210fcbf-e93b-44fe-ad36-846e57dfce9c, 2023-04-13, 2023-04-06, t, , null).
2023-04-06 08:47:02.644 -03 [3984] STATEMENT:  INSERT INTO vale (guuidvale, guuidcolhedor, datadesconto, historico, valor ) VALUES ($1, $2, $3, $4, $5 )
2023-04-06 08:47:03.119 -03 [772] ERROR:  null value in column "valor" of relation "vale" violates not-null constraint
2023-04-06 08:47:03.119 -03 [772] DETAIL:  Failing row contains (02d13af5-0708-4231-93c2-6f2bdbb02530, 0210fcbf-e93b-44fe-ad36-846e57dfce9c, 2023-04-13, 2023-04-06, t, , null).
2023-04-06 08:47:03.119 -03 [772] STATEMENT:  INSERT INTO vale (guuidvale, guuidcolhedor, datadesconto, historico, valor ) VALUES ($1, $2, $3, $4, $5 )
2023-04-06 08:47:03.335 -03 [6956] ERROR:  null value in column "valor" of relation "vale" violates not-null constraint
2023-04-06 08:47:03.335 -03 [6956] DETAIL:  Failing row contains (1fdc2b49-a9a1-4000-8efd-2ee86ef3dcfa, 0210fcbf-e93b-44fe-ad36-846e57dfce9c, 2023-04-13, 2023-04-06, t, , null).
2023-04-06 08:47:03.335 -03 [6956] STATEMENT:  INSERT INTO vale (guuidvale, guuidcolhedor, datadesconto, historico, valor ) VALUES ($1, $2, $3, $4, $5 )
2023-04-06 08:47:03.511 -03 [6240] ERROR:  null value in column "valor" of relation "vale" violates not-null constraint
2023-04-06 08:47:03.511 -03 [6240] DETAIL:  Failing row contains (9208ac7d-e54f-4f27-835a-09604c9bd2e9, 0210fcbf-e93b-44fe-ad36-846e57dfce9c, 2023-04-13, 2023-04-06, t, , null).
2023-04-06 08:47:03.511 -03 [6240] STATEMENT:  INSERT INTO vale (guuidvale, guuidcolhedor, datadesconto, historico, valor ) VALUES ($1, $2, $3, $4, $5 )
2023-04-06 09:15:05.097 -03 [440] ERROR:  update or delete on table "colhedor" violates foreign key constraint "colheita_guuidcolhedor_fkey" on table "colheita"
2023-04-06 09:15:05.097 -03 [440] DETAIL:  Key (guuidcolhedor)=(db70ec04-c9fa-4427-b00e-5b4b989f26be) is still referenced from table "colheita".
2023-04-06 09:15:05.097 -03 [440] STATEMENT:  DELETE FROM colhedor WHERE guuidcolhedor = $1
2023-04-06 09:15:56.569 -03 [212] ERROR:  update or delete on table "fazenda" violates foreign key constraint "area_codfaz_fkey" on table "area"
2023-04-06 09:15:56.569 -03 [212] DETAIL:  Key (codfaz)=(1) is still referenced from table "area".
2023-04-06 09:15:56.569 -03 [212] STATEMENT:  DELETE FROM fazenda WHERE codfaz = $1
2023-04-06 09:15:57.422 -03 [7124] ERROR:  update or delete on table "fazenda" violates foreign key constraint "area_codfaz_fkey" on table "area"
2023-04-06 09:15:57.422 -03 [7124] DETAIL:  Key (codfaz)=(1) is still referenced from table "area".
2023-04-06 09:15:57.422 -03 [7124] STATEMENT:  DELETE FROM fazenda WHERE codfaz = $1
2023-04-06 09:15:57.627 -03 [6080] ERROR:  update or delete on table "fazenda" violates foreign key constraint "area_codfaz_fkey" on table "area"
2023-04-06 09:15:57.627 -03 [6080] DETAIL:  Key (codfaz)=(1) is still referenced from table "area".
2023-04-06 09:15:57.627 -03 [6080] STATEMENT:  DELETE FROM fazenda WHERE codfaz = $1
2023-04-06 15:52:11.444 -03 [2044] LOG:  could not receive data from client: An existing connection was forcibly closed by the remote host.
	
2023-04-06 15:52:11.444 -03 [2128] LOG:  could not receive data from client: An existing connection was forcibly closed by the remote host.
	
2023-04-06 15:52:11.444 -03 [5676] LOG:  could not receive data from client: An existing connection was forcibly closed by the remote host.
	
2023-04-06 16:19:46.611 -03 [1016] LOG:  could not receive data from client: An existing connection was forcibly closed by the remote host.
	
2023-04-06 16:19:46.615 -03 [884] LOG:  could not receive data from client: An existing connection was forcibly closed by the remote host.
	
2023-04-06 16:19:46.616 -03 [5896] LOG:  could not receive data from client: An existing connection was forcibly closed by the remote host.
	
2023-04-06 16:19:46.671 -03 [7080] LOG:  could not receive data from client: An existing connection was forcibly closed by the remote host.
	
