2023-03-31 15:07:13.925 -03 [11176] ERROR:  insert or update on table "colhedor" violates foreign key constraint "colhedor_codcei_fkey"
2023-03-31 15:07:13.925 -03 [11176] DETAIL:  Key (codcei)=(1) is not present in table "cei".
2023-03-31 15:07:13.925 -03 [11176] STATEMENT:  INSERT INTO public.colhedor (
	guuidcolhedor, nome, cpf, numero, codcei, codfaz, status) VALUES (
	'0007038C-D0C9-4F15-9317-18D10EFC0040'::uuid, 'EDMAR'::character varying, '000.225.225.79'::character varying, '10'::integer, '1'::integer, '1'::integer, true::boolean)
	 returning guuidcolhedor;
2023-03-31 15:24:46.980 -03 [1936] LOG:  could not receive data from client: unrecognized winsock error 10054
2023-03-31 15:24:46.980 -03 [8636] LOG:  could not receive data from client: unrecognized winsock error 10054
2023-03-31 15:24:46.980 -03 [5388] LOG:  could not receive data from client: unrecognized winsock error 10054
2023-03-31 15:24:46.980 -03 [11176] LOG:  could not receive data from client: unrecognized winsock error 10054
2023-03-31 15:24:46.981 -03 [5440] LOG:  could not receive data from client: unrecognized winsock error 10054
2023-03-31 15:24:46.981 -03 [13764] LOG:  could not receive data from client: unrecognized winsock error 10054
2023-03-31 15:24:46.981 -03 [15200] LOG:  could not receive data from client: unrecognized winsock error 10054
2023-03-31 15:24:47.006 -03 [3376] LOG:  could not receive data from client: unrecognized winsock error 10054
2023-03-31 15:27:08.803 -03 [8796] FATAL:  terminating connection due to administrator command
2023-03-31 15:27:11.091 -03 [14592] FATAL:  terminating connection due to administrator command
2023-03-31 15:27:11.091 -03 [14592] STATEMENT:  SELECT pg_catalog.pg_terminate_backend(14592);
2023-03-31 15:27:11.275 -03 [3636] WARNING:  PID 14592 is not a PostgreSQL server process
2023-03-31 15:27:14.961 -03 [12772] WARNING:  PID 14592 is not a PostgreSQL server process
2023-03-31 15:27:18.097 -03 [12772] WARNING:  PID 14592 is not a PostgreSQL server process
2023-03-31 15:27:20.843 -03 [12772] FATAL:  terminating connection due to administrator command
2023-03-31 15:27:20.843 -03 [12772] STATEMENT:  SELECT pg_catalog.pg_terminate_backend(12772);
2023-03-31 15:27:20.919 -03 [7188] WARNING:  PID 12772 is not a PostgreSQL server process
2023-03-31 16:02:45.606 -03 [14104] ERROR:  insert or update on table "quadra" violates foreign key constraint "quadra_codarea_fkey"
2023-03-31 16:02:45.606 -03 [14104] DETAIL:  Key (codarea)=(1) is not present in table "area".
2023-03-31 16:02:45.606 -03 [14104] STATEMENT:  INSERT INTO public.quadra (
	codquadra, codarea, codfaz, descricao) VALUES (
	'1'::integer, '1'::integer, '1'::integer, 'AB'::character varying)
	 returning codquadra;
2023-03-31 16:32:54.701 -03 [11760] ERROR:  relation "CEI" does not exist at character 51
2023-03-31 16:32:54.701 -03 [11760] STATEMENT:  SELECT idcei, numero ||' - '|| produtor nome FROM "CEI" ORDER BY produtor ASC
2023-03-31 16:40:29.590 -03 [7284] ERROR:  null value in column "nome" of relation "fazenda" violates not-null constraint
2023-03-31 16:40:29.590 -03 [7284] DETAIL:  Failing row contains (4, null).
2023-03-31 16:40:29.590 -03 [7284] STATEMENT:  INSERT INTO fazenda (nome) VALUES ($1)
2023-03-31 16:42:16.926 -03 [6276] ERROR:  null value in column "nome" of relation "fazenda" violates not-null constraint
2023-03-31 16:42:16.926 -03 [6276] DETAIL:  Failing row contains (6, null).
2023-03-31 16:42:16.926 -03 [6276] STATEMENT:  INSERT INTO fazenda (nome) VALUES ($1)
2023-03-31 16:51:18.038 -03 [7188] LOG:  could not receive data from client: unrecognized winsock error 10054
2023-03-31 16:51:18.039 -03 [1456] LOG:  could not receive data from client: unrecognized winsock error 10054
2023-03-31 16:51:18.039 -03 [15476] LOG:  could not receive data from client: unrecognized winsock error 10054
2023-03-31 16:51:18.042 -03 [10072] LOG:  could not receive data from client: unrecognized winsock error 10054
2023-03-31 16:51:18.042 -03 [14104] LOG:  could not receive data from client: unrecognized winsock error 10054
2023-03-31 16:51:18.053 -03 [3304] LOG:  could not receive data from client: unrecognized winsock error 10054
2023-03-31 16:51:18.120 -03 [13704] LOG:  could not receive data from client: unrecognized winsock error 10054
2023-04-01 07:17:54.979 -03 [7804] ERROR:  null value in column "nome" of relation "fazenda" violates not-null constraint
2023-04-01 07:17:54.979 -03 [7804] DETAIL:  Failing row contains (7, null).
2023-04-01 07:17:54.979 -03 [7804] STATEMENT:  INSERT INTO fazenda (nome) VALUES ($1)
2023-04-01 07:25:16.109 -03 [9684] ERROR:  null value in column "nome" of relation "fazenda" violates not-null constraint
2023-04-01 07:25:16.109 -03 [9684] DETAIL:  Failing row contains (8, null).
2023-04-01 07:25:16.109 -03 [9684] STATEMENT:  UPDATE fazenda SET nome = $1 WHERE codfaz = $2
2023-04-01 07:30:15.889 -03 [3748] ERROR:  column "codaria" does not exist at character 71
2023-04-01 07:30:15.889 -03 [3748] HINT:  Perhaps you meant to reference the column "a.codarea".
2023-04-01 07:30:15.889 -03 [3748] STATEMENT:  select * from area a left join fazenda f on f.codfaz = a.codfaz WHERE codaria = $1
2023-04-01 08:53:55.504 -03 [2300] ERROR:  column "datatime" of relation "atualizacoes" contains null values
2023-04-01 08:53:55.504 -03 [2300] STATEMENT:  ALTER TABLE IF EXISTS public.atualizacoes
	    ALTER COLUMN datatime SET NOT NULL;
2023-04-01 09:39:36.000 -03 [1512] ERROR:  column "codareia" does not exist at character 71
2023-04-01 09:39:36.000 -03 [1512] HINT:  Perhaps you meant to reference the column "a.codarea".
2023-04-01 09:39:36.000 -03 [1512] STATEMENT:  select * from area a left join fazenda f on f.codfaz = a.codfaz WHERE codareia = $1
2023-04-01 09:39:50.485 -03 [5992] ERROR:  column "codareia" does not exist at character 71
2023-04-01 09:39:50.485 -03 [5992] HINT:  Perhaps you meant to reference the column "a.codarea".
2023-04-01 09:39:50.485 -03 [5992] STATEMENT:  select * from area a left join fazenda f on f.codfaz = a.codfaz WHERE codareia = $1
2023-04-01 09:43:24.523 -03 [15036] ERROR:  column f.codfaz1 does not exist at character 45
2023-04-01 09:43:24.523 -03 [15036] HINT:  Perhaps you meant to reference the column "f.codfaz".
2023-04-01 09:43:24.523 -03 [15036] STATEMENT:  select * from area a left join fazenda f on f.codfaz1 = a.codfaz order by f.nome, a.descricao
2023-04-01 09:46:29.416 -03 [1264] ERROR:  column "codaria" does not exist at character 63
2023-04-01 09:46:29.416 -03 [1264] HINT:  Perhaps you meant to reference the column "area.codarea".
2023-04-01 09:46:29.416 -03 [1264] STATEMENT:  UPDATE area SET codfaz = $1, descricao = $2, valor =$3  WHERE codaria = $4
2023-04-01 09:46:49.685 -03 [5952] ERROR:  column "codaria" does not exist at character 63
2023-04-01 09:46:49.685 -03 [5952] HINT:  Perhaps you meant to reference the column "area.codarea".
2023-04-01 09:46:49.685 -03 [5952] STATEMENT:  UPDATE area SET codfaz = $1, descricao = $2, valor =$3  WHERE codaria = $4
2023-04-01 09:48:13.676 -03 [1400] ERROR:  column "codaria" does not exist at character 24
2023-04-01 09:48:13.676 -03 [1400] HINT:  Perhaps you meant to reference the column "area.codarea".
2023-04-01 09:48:13.676 -03 [1400] STATEMENT:  DELETE FROM area WHERE codaria = $1
2023-04-01 09:48:22.937 -03 [2788] ERROR:  column "codara" does not exist at character 24
2023-04-01 09:48:22.937 -03 [2788] HINT:  Perhaps you meant to reference the column "area.codarea".
2023-04-01 09:48:22.937 -03 [2788] STATEMENT:  DELETE FROM area WHERE codara = $1
2023-04-01 09:50:45.124 -03 [3988] LOG:  could not receive data from client: unrecognized winsock error 10054
2023-04-01 09:54:33.859 -03 [15616] ERROR:  column a.codaria does not exist at character 148
2023-04-01 09:54:33.859 -03 [15616] HINT:  Perhaps you meant to reference the column "a.codarea".
2023-04-01 09:54:33.859 -03 [15616] STATEMENT:  select q.codquadra, q.codaria, q.descricao, f.nome, a.descricao area  from quadra q left join fazenda f on f.codfaz = q.codfaz left join area a on a.codaria = q.codaria ORDER BY f.codfaz, a.descricao, q.descricao ASC
2023-04-01 09:55:30.497 -03 [6408] ERROR:  column a.codaria does not exist at character 148
2023-04-01 09:55:30.497 -03 [6408] HINT:  Perhaps you meant to reference the column "a.codarea".
2023-04-01 09:55:30.497 -03 [6408] STATEMENT:  select q.codquadra, q.codaria, q.descricao, f.nome, a.descricao area  from quadra q left join fazenda f on f.codfaz = q.codfaz left join area a on a.codaria = q.codaria ORDER BY f.codfaz, a.descricao, q.descricao ASC
2023-04-01 10:02:01.145 -03 [9720] ERROR:  column a.codaria does not exist at character 157
2023-04-01 10:02:01.145 -03 [9720] HINT:  Perhaps you meant to reference the column "a.codarea".
2023-04-01 10:02:01.145 -03 [9720] STATEMENT:  SELECT q.codquadra, q.codaria, q.descricao, q.codfaz, f.nome, a.descricao area FROM quadra q left join fazenda f on f.codfaz = q.codfaz left join area a on a.codaria = q.codaria WHERE codquadra = $1
2023-04-01 10:24:56.888 -03 [3924] ERROR:  column "codaria" of relation "quadra" does not exist at character 19
2023-04-01 10:24:56.888 -03 [3924] STATEMENT:  UPDATE quadra SET codaria = $1, codfaz = $2, descricao = $3 WHERE codquadra = $4
2023-04-01 10:25:21.845 -03 [11568] ERROR:  column "codaria" of relation "quadra" does not exist at character 19
2023-04-01 10:25:21.845 -03 [11568] STATEMENT:  UPDATE quadra SET codaria = $1, codfaz = $2, descricao = $3 WHERE codquadra = $4
2023-04-01 10:32:24.541 -03 [13780] LOG:  could not receive data from client: unrecognized winsock error 10054
2023-04-01 10:32:24.545 -03 [2300] LOG:  could not receive data from client: unrecognized winsock error 10054
2023-04-01 10:32:24.546 -03 [11312] LOG:  could not receive data from client: unrecognized winsock error 10054
2023-04-01 10:32:24.547 -03 [15976] LOG:  could not receive data from client: unrecognized winsock error 10054
2023-04-01 10:32:24.549 -03 [11280] LOG:  could not receive data from client: unrecognized winsock error 10054
2023-04-01 10:32:24.549 -03 [7940] LOG:  could not receive data from client: unrecognized winsock error 10054
2023-04-01 10:32:24.554 -03 [7056] LOG:  could not receive data from client: unrecognized winsock error 10054
2023-04-01 10:32:24.601 -03 [7592] LOG:  could not receive data from client: unrecognized winsock error 10054
2023-04-03 07:25:33.528 -03 [4472] LOG:  received fast shutdown request
