2023-03-16 07:17:50.262 -03 [4468] LOG:  starting PostgreSQL 14.6, compiled by Visual C++ build 1914, 64-bit
2023-03-16 07:17:50.263 -03 [4468] LOG:  listening on IPv6 address "::", port 5432
2023-03-16 07:17:50.263 -03 [4468] LOG:  listening on IPv4 address "0.0.0.0", port 5432
2023-03-16 07:17:50.782 -03 [4932] LOG:  database system was shut down at 2023-03-15 16:58:18 -03
2023-03-16 07:17:50.948 -03 [4468] LOG:  database system is ready to accept connections
2023-03-16 09:46:22.479 -03 [6664] LOG:  could not receive data from client: unrecognized winsock error 10054
2023-03-16 10:28:53.757 -03 [2288] LOG:  could not receive data from client: unrecognized winsock error 10054
2023-03-16 16:53:24.366 -03 [9408] LOG:  could not receive data from client: unrecognized winsock error 10054
2023-03-16 16:53:24.372 -03 [13008] LOG:  could not receive data from client: unrecognized winsock error 10054
2023-03-16 16:53:24.373 -03 [13484] LOG:  could not receive data from client: unrecognized winsock error 10054
2023-03-16 16:53:24.374 -03 [13324] LOG:  could not receive data from client: unrecognized winsock error 10054
2023-03-16 16:53:24.374 -03 [11680] LOG:  could not receive data from client: unrecognized winsock error 10054
2023-03-16 16:53:24.375 -03 [9316] LOG:  could not receive data from client: unrecognized winsock error 10054
2023-03-16 16:53:24.375 -03 [7400] LOG:  could not receive data from client: unrecognized winsock error 10054
2023-03-16 16:53:24.376 -03 [7880] LOG:  could not receive data from client: unrecognized winsock error 10054
2023-03-16 16:53:24.381 -03 [3604] LOG:  could not receive data from client: unrecognized winsock error 10054
2023-03-16 16:53:24.387 -03 [8472] LOG:  could not receive data from client: unrecognized winsock error 10054
2023-03-16 16:53:24.387 -03 [9608] LOG:  could not receive data from client: unrecognized winsock error 10054
2023-03-16 16:53:24.388 -03 [1848] LOG:  could not receive data from client: unrecognized winsock error 10054
2023-03-16 16:53:24.391 -03 [14216] LOG:  could not receive data from client: unrecognized winsock error 10054
2023-03-17 08:27:03.084 -03 [1828] ERROR:  duplicate key value violates unique constraint "colheita_pkey"
2023-03-17 08:27:03.084 -03 [1828] DETAIL:  Key (guuidcolheita)=(071ad779-e3c6-4493-a9c4-19faae6ad805) already exists.
2023-03-17 08:27:03.084 -03 [1828] STATEMENT:  INSERT INTO colheita (guuidcolheita, guuidcolhedor, codverificado, codfaz, codaria, codquadra, data, qtd, valor, total ) VALUES ($1, $2, $3, $4, $5, $6, $7, $8, $9, $10)
2023-03-17 08:27:03.136 -03 [4972] LOG:  could not receive data from client: unrecognized winsock error 10054
2023-03-17 08:27:03.144 -03 [7204] LOG:  could not receive data from client: unrecognized winsock error 10054
2023-03-17 08:27:03.146 -03 [3472] LOG:  could not receive data from client: unrecognized winsock error 10054
2023-03-17 08:27:03.150 -03 [13744] LOG:  could not receive data from client: unrecognized winsock error 10054
2023-03-17 10:21:26.192 -03 [5812] LOG:  could not receive data from client: unrecognized winsock error 10054
2023-03-17 10:22:08.263 -03 [5592] LOG:  could not receive data from client: unrecognized winsock error 10054
2023-03-17 10:30:17.251 -03 [2792] LOG:  could not receive data from client: unrecognized winsock error 10054
2023-03-17 10:31:58.601 -03 [15344] LOG:  could not receive data from client: unrecognized winsock error 10054
