2023-03-23 16:00:53.735 -03 [7492] ERROR:  column a.descricao does not exist at character 89
2023-03-23 16:00:53.735 -03 [7492] HINT:  Perhaps you meant to reference the column "a.Descricao".
2023-03-23 16:00:53.735 -03 [7492] STATEMENT:  select * from public.area a
	left join fazenda f on f.codfaz = a.codfaz order by f.nome, a.descricao
2023-03-23 16:01:19.316 -03 [7492] ERROR:  column a.descricao does not exist at character 89
2023-03-23 16:01:19.316 -03 [7492] HINT:  Perhaps you meant to reference the column "a.Descricao".
2023-03-23 16:01:19.316 -03 [7492] STATEMENT:  select * from public.area a
	left join fazenda f on f.codfaz = a.codfaz order by f.nome, a.Descricao
2023-03-23 16:03:21.460 -03 [7492] ERROR:  syntax error at or near "order" at character 1
2023-03-23 16:03:21.460 -03 [7492] STATEMENT:  order by f.nome, a."Descricao"
2023-03-23 16:58:12.471 -03 [4152] LOG:  could not receive data from client: unrecognized winsock error 10054
2023-03-23 16:58:12.472 -03 [13868] LOG:  could not receive data from client: unrecognized winsock error 10054
2023-03-23 16:58:12.476 -03 [6968] LOG:  could not receive data from client: unrecognized winsock error 10054
2023-03-23 16:58:12.477 -03 [7492] LOG:  could not receive data from client: unrecognized winsock error 10054
2023-03-23 16:58:12.599 -03 [6028] LOG:  could not receive data from client: unrecognized winsock error 10054
2023-03-24 07:50:33.396 -03 [9352] ERROR:  column "descricao" of relation "area" does not exist at character 27
2023-03-24 07:50:33.396 -03 [9352] STATEMENT:  INSERT INTO area (codfaz, descricao, valor) VALUES ($1, $2, $3)
2023-03-24 07:54:01.719 -03 [6236] ERROR:  column "descricao" of relation "area" does not exist at character 27
2023-03-24 07:54:01.719 -03 [6236] STATEMENT:  INSERT INTO area (codfaz, descricao, valor) VALUES ($1, $2, $3)
2023-03-24 07:54:03.715 -03 [7092] ERROR:  column "descricao" of relation "area" does not exist at character 27
2023-03-24 07:54:03.715 -03 [7092] STATEMENT:  INSERT INTO area (codfaz, descricao, valor) VALUES ($1, $2, $3)
2023-03-24 07:54:25.350 -03 [14236] ERROR:  column "descricao" of relation "area" does not exist at character 27
2023-03-24 07:54:25.350 -03 [14236] STATEMENT:  INSERT INTO area (codfaz, descricao, valor) VALUES ($1, $2, $3)
2023-03-24 07:56:32.510 -03 [15052] ERROR:  column "descricao" of relation "area" does not exist at character 27
2023-03-24 07:56:32.510 -03 [15052] STATEMENT:  INSERT INTO area (codfaz, descricao, valor) VALUES ($1, $2, $3)
2023-03-24 07:57:20.996 -03 [8308] ERROR:  column "descricao" of relation "area" does not exist at character 27
2023-03-24 07:57:20.996 -03 [8308] STATEMENT:  INSERT INTO area (codfaz, descricao, valor) VALUES ($1, $2, $3)
2023-03-24 07:59:02.311 -03 [13432] ERROR:  column "descricao" of relation "area" does not exist at character 27
2023-03-24 07:59:02.311 -03 [13432] STATEMENT:  INSERT INTO area (codfaz, descricao, valor) VALUES ($1, $2, $3)
2023-03-24 08:05:54.019 -03 [13880] ERROR:  column "descricao" of relation "area" does not exist at character 27
2023-03-24 08:05:54.019 -03 [13880] STATEMENT:  INSERT INTO area (codfaz, descricao, valor) VALUES ($1, $2, $3)
2023-03-24 08:07:17.250 -03 [7400] ERROR:  column "descricao" of relation "area" does not exist at character 27
2023-03-24 08:07:17.250 -03 [7400] STATEMENT:  INSERT INTO area (codfaz, descricao, valor) VALUES ($1, $2, $3)
2023-03-24 08:07:27.036 -03 [3464] ERROR:  column "descricao" of relation "area" does not exist at character 27
2023-03-24 08:07:27.036 -03 [3464] STATEMENT:  INSERT INTO area (codfaz, descricao, valor) VALUES ($1, $2, $3)
2023-03-24 08:07:48.307 -03 [6992] ERROR:  column "descricao" of relation "area" does not exist at character 27
2023-03-24 08:07:48.307 -03 [6992] STATEMENT:  INSERT INTO area (codfaz, descricao, valor) VALUES ($1, $2, $3)
2023-03-24 08:12:46.361 -03 [2192] ERROR:  column "descricao" of relation "area" does not exist at character 27
2023-03-24 08:12:46.361 -03 [2192] STATEMENT:  INSERT INTO area (codfaz, descricao, valor) VALUES ($1, $2, $3)
2023-03-24 08:13:27.800 -03 [7832] ERROR:  column "descricao" of relation "area" does not exist at character 27
2023-03-24 08:13:27.800 -03 [7832] STATEMENT:  INSERT INTO area (codfaz, descricao, valor) VALUES ($1, $2, $3)
2023-03-24 08:13:46.026 -03 [6728] ERROR:  column "descricao" of relation "area" does not exist at character 27
2023-03-24 08:13:46.026 -03 [6728] STATEMENT:  INSERT INTO area (codfaz, descricao, valor) VALUES ($1, $2, $3)
2023-03-24 08:15:02.407 -03 [17108] ERROR:  column "descricao" of relation "area" does not exist at character 27
2023-03-24 08:15:02.407 -03 [17108] STATEMENT:  INSERT INTO area (codfaz, descricao, valor) VALUES ($1, $2, $3)
2023-03-24 08:15:35.671 -03 [3220] ERROR:  column "descricao" of relation "area" does not exist at character 27
2023-03-24 08:15:35.671 -03 [3220] STATEMENT:  INSERT INTO area (codfaz, descricao, valor) VALUES ($1, $2, $3)
2023-03-24 08:20:09.673 -03 [17324] ERROR:  column "descricao" of relation "area" does not exist at character 27
2023-03-24 08:20:09.673 -03 [17324] STATEMENT:  INSERT INTO area (codfaz, descricao, valor) VALUES ($1, $2, $3)
2023-03-24 08:21:13.133 -03 [11432] ERROR:  column "descricao" of relation "area" does not exist at character 27
2023-03-24 08:21:13.133 -03 [11432] STATEMENT:  INSERT INTO area (codfaz, descricao, valor) VALUES ($1, $2, $3)
2023-03-24 08:33:39.332 -03 [16828] ERROR:  column "descricao" of relation "area" does not exist at character 27
2023-03-24 08:33:39.332 -03 [16828] STATEMENT:  INSERT INTO area (codfaz, descricao, valor) VALUES ($1, $2, $3)
2023-03-24 08:34:57.401 -03 [17308] ERROR:  column "descricao" of relation "area" does not exist at character 27
2023-03-24 08:34:57.401 -03 [17308] STATEMENT:  INSERT INTO area (codfaz, descricao, valor) VALUES ($1, $2, $3)
2023-03-24 08:36:46.216 -03 [16640] ERROR:  duplicate key value violates unique constraint "area_pkey"
2023-03-24 08:36:46.216 -03 [16640] DETAIL:  Key (codaria)=(10) already exists.
2023-03-24 08:36:46.216 -03 [16640] STATEMENT:  INSERT INTO area (codfaz, descricao, valor) VALUES ($1, $2, $3)
2023-03-24 08:37:42.842 -03 [13952] ERROR:  duplicate key value violates unique constraint "area_pkey"
2023-03-24 08:37:42.842 -03 [13952] DETAIL:  Key (codaria)=(11) already exists.
2023-03-24 08:37:42.842 -03 [13952] STATEMENT:  INSERT INTO area (codfaz, descricao, valor) VALUES ($1, $2, $3)
2023-03-24 08:38:07.130 -03 [14944] ERROR:  update or delete on table "area" violates foreign key constraint "area_reffpk" on table "colheita"
2023-03-24 08:38:07.130 -03 [14944] DETAIL:  Key (codaria)=(3) is still referenced from table "colheita".
2023-03-24 08:38:07.130 -03 [14944] STATEMENT:  DELETE FROM public.area
	    WHERE codaria IN
	        (3);
2023-03-24 08:38:20.959 -03 [14944] ERROR:  update or delete on table "area" violates foreign key constraint "area_reffpk" on table "colheita"
2023-03-24 08:38:20.959 -03 [14944] DETAIL:  Key (codaria)=(3) is still referenced from table "colheita".
2023-03-24 08:38:20.959 -03 [14944] STATEMENT:  DELETE FROM public.area
	    WHERE codaria IN
	        (3);
2023-03-24 08:39:10.873 -03 [14624] ERROR:  duplicate key value violates unique constraint "area_pkey"
2023-03-24 08:39:10.873 -03 [14624] DETAIL:  Key (codaria)=(12) already exists.
2023-03-24 08:39:10.873 -03 [14624] STATEMENT:  INSERT INTO area (codfaz, descricao, valor) VALUES ($1, $2, $3)
2023-03-24 08:40:46.059 -03 [14944] ERROR:  update or delete on table "area" violates foreign key constraint "area_reffpk" on table "colheita"
2023-03-24 08:40:46.059 -03 [14944] DETAIL:  Key (codaria)=(10) is still referenced from table "colheita".
2023-03-24 08:40:46.059 -03 [14944] STATEMENT:  DELETE FROM public.area
	    WHERE codaria IN
	        (10);
2023-03-24 08:41:06.259 -03 [14944] ERROR:  update or delete on table "area" violates foreign key constraint "area_reffpk" on table "colheita"
2023-03-24 08:41:06.259 -03 [14944] DETAIL:  Key (codaria)=(10) is still referenced from table "colheita".
2023-03-24 08:41:06.259 -03 [14944] STATEMENT:  DELETE FROM public.area
	    WHERE codaria IN
	        (10);
2023-03-24 08:44:10.586 -03 [16412] ERROR:  column a.Descricao does not exist at character 89
2023-03-24 08:44:10.586 -03 [16412] HINT:  Perhaps you meant to reference the column "a.descricao".
2023-03-24 08:44:10.586 -03 [16412] STATEMENT:  select * from public.area a left join fazenda f on f.codfaz = a.codfaz order by f.nome, a."Descricao"
2023-03-24 08:44:10.650 -03 [10764] ERROR:  column a.Descricao does not exist at character 89
2023-03-24 08:44:10.650 -03 [10764] HINT:  Perhaps you meant to reference the column "a.descricao".
2023-03-24 08:44:10.650 -03 [10764] STATEMENT:  select * from public.area a left join fazenda f on f.codfaz = a.codfaz order by f.nome, a."Descricao"
2023-03-24 08:45:54.347 -03 [1544] ERROR:  column a.Descricao does not exist at character 89
2023-03-24 08:45:54.347 -03 [1544] HINT:  Perhaps you meant to reference the column "a.descricao".
2023-03-24 08:45:54.347 -03 [1544] STATEMENT:  select * from public.area a left join fazenda f on f.codfaz = a.codfaz order by f.nome, a."Descricao"
2023-03-24 08:45:54.413 -03 [16720] ERROR:  column a.Descricao does not exist at character 89
2023-03-24 08:45:54.413 -03 [16720] HINT:  Perhaps you meant to reference the column "a.descricao".
2023-03-24 08:45:54.413 -03 [16720] STATEMENT:  select * from public.area a left join fazenda f on f.codfaz = a.codfaz order by f.nome, a."Descricao"
2023-03-24 08:48:57.888 -03 [7676] ERROR:  column a.Descricao does not exist at character 89
2023-03-24 08:48:57.888 -03 [7676] HINT:  Perhaps you meant to reference the column "a.descricao".
2023-03-24 08:48:57.888 -03 [7676] STATEMENT:  select * from public.area a left join fazenda f on f.codfaz = a.codfaz order by f.nome, a."Descricao"
2023-03-24 08:48:57.957 -03 [6000] ERROR:  column a.Descricao does not exist at character 89
2023-03-24 08:48:57.957 -03 [6000] HINT:  Perhaps you meant to reference the column "a.descricao".
2023-03-24 08:48:57.957 -03 [6000] STATEMENT:  select * from public.area a left join fazenda f on f.codfaz = a.codfaz order by f.nome, a."Descricao"
2023-03-24 09:55:14.143 -03 [15376] ERROR:  column a.Descricao does not exist at character 89
2023-03-24 09:55:14.143 -03 [15376] HINT:  Perhaps you meant to reference the column "a.descricao".
2023-03-24 09:55:14.143 -03 [15376] STATEMENT:  select * from public.area a left join fazenda f on f.codfaz = a.codfaz order by f.nome, a."Descricao"
2023-03-24 09:55:14.215 -03 [2168] ERROR:  column a.Descricao does not exist at character 89
2023-03-24 09:55:14.215 -03 [2168] HINT:  Perhaps you meant to reference the column "a.descricao".
2023-03-24 09:55:14.215 -03 [2168] STATEMENT:  select * from public.area a left join fazenda f on f.codfaz = a.codfaz order by f.nome, a."Descricao"
2023-03-24 10:02:41.082 -03 [2668] ERROR:  column a.Descricao does not exist at character 89
2023-03-24 10:02:41.082 -03 [2668] HINT:  Perhaps you meant to reference the column "a.descricao".
2023-03-24 10:02:41.082 -03 [2668] STATEMENT:  select * from public.area a left join fazenda f on f.codfaz = a.codfaz order by f.nome, a."Descricao"
2023-03-24 10:02:41.150 -03 [7268] ERROR:  column a.Descricao does not exist at character 89
2023-03-24 10:02:41.150 -03 [7268] HINT:  Perhaps you meant to reference the column "a.descricao".
2023-03-24 10:02:41.150 -03 [7268] STATEMENT:  select * from public.area a left join fazenda f on f.codfaz = a.codfaz order by f.nome, a."Descricao"
2023-03-24 10:23:55.592 -03 [8524] ERROR:  column a.Descricao does not exist at character 89
2023-03-24 10:23:55.592 -03 [8524] HINT:  Perhaps you meant to reference the column "a.descricao".
2023-03-24 10:23:55.592 -03 [8524] STATEMENT:  select * from public.area a left join fazenda f on f.codfaz = a.codfaz order by f.nome, a."Descricao"
2023-03-24 10:23:55.663 -03 [13744] ERROR:  column a.Descricao does not exist at character 89
2023-03-24 10:23:55.663 -03 [13744] HINT:  Perhaps you meant to reference the column "a.descricao".
2023-03-24 10:23:55.663 -03 [13744] STATEMENT:  select * from public.area a left join fazenda f on f.codfaz = a.codfaz order by f.nome, a."Descricao"
2023-03-24 10:52:14.141 -03 [14224] ERROR:  column a.Descricao does not exist at character 89
2023-03-24 10:52:14.141 -03 [14224] HINT:  Perhaps you meant to reference the column "a.descricao".
2023-03-24 10:52:14.141 -03 [14224] STATEMENT:  select * from public.area a left join fazenda f on f.codfaz = a.codfaz order by f.nome, a."Descricao"
2023-03-24 10:52:14.214 -03 [9112] ERROR:  column a.Descricao does not exist at character 89
2023-03-24 10:52:14.214 -03 [9112] HINT:  Perhaps you meant to reference the column "a.descricao".
2023-03-24 10:52:14.214 -03 [9112] STATEMENT:  select * from public.area a left join fazenda f on f.codfaz = a.codfaz order by f.nome, a."Descricao"
2023-03-24 11:11:32.649 -03 [15868] ERROR:  column a.Descricao does not exist at character 89
2023-03-24 11:11:32.649 -03 [15868] HINT:  Perhaps you meant to reference the column "a.descricao".
2023-03-24 11:11:32.649 -03 [15868] STATEMENT:  select * from public.area a left join fazenda f on f.codfaz = a.codfaz order by f.nome, a."Descricao"
2023-03-24 11:11:32.725 -03 [16308] ERROR:  column a.Descricao does not exist at character 89
2023-03-24 11:11:32.725 -03 [16308] HINT:  Perhaps you meant to reference the column "a.descricao".
2023-03-24 11:11:32.725 -03 [16308] STATEMENT:  select * from public.area a left join fazenda f on f.codfaz = a.codfaz order by f.nome, a."Descricao"
2023-03-24 11:12:06.959 -03 [4124] ERROR:  column a.Descricao does not exist at character 89
2023-03-24 11:12:06.959 -03 [4124] HINT:  Perhaps you meant to reference the column "a.descricao".
2023-03-24 11:12:06.959 -03 [4124] STATEMENT:  select * from public.area a left join fazenda f on f.codfaz = a.codfaz order by f.nome, a."Descricao"
2023-03-24 11:12:07.030 -03 [15148] ERROR:  column a.Descricao does not exist at character 89
2023-03-24 11:12:07.030 -03 [15148] HINT:  Perhaps you meant to reference the column "a.descricao".
2023-03-24 11:12:07.030 -03 [15148] STATEMENT:  select * from public.area a left join fazenda f on f.codfaz = a.codfaz order by f.nome, a."Descricao"
2023-03-24 11:12:15.233 -03 [10924] ERROR:  insert or update on table "area" violates foreign key constraint "areia_refpk"
2023-03-24 11:12:15.233 -03 [10924] DETAIL:  Key (codfaz)=(0) is not present in table "fazenda".
2023-03-24 11:12:15.233 -03 [10924] STATEMENT:  INSERT INTO area (codfaz, descricao, valor) VALUES ($1, $2, $3)
2023-03-24 11:12:42.165 -03 [12584] ERROR:  column a.Descricao does not exist at character 89
2023-03-24 11:12:42.165 -03 [12584] HINT:  Perhaps you meant to reference the column "a.descricao".
2023-03-24 11:12:42.165 -03 [12584] STATEMENT:  select * from public.area a left join fazenda f on f.codfaz = a.codfaz order by f.nome, a."Descricao"
2023-03-24 11:12:42.231 -03 [12460] ERROR:  column a.Descricao does not exist at character 89
2023-03-24 11:12:42.231 -03 [12460] HINT:  Perhaps you meant to reference the column "a.descricao".
2023-03-24 11:12:42.231 -03 [12460] STATEMENT:  select * from public.area a left join fazenda f on f.codfaz = a.codfaz order by f.nome, a."Descricao"
2023-03-24 11:17:29.996 -03 [6516] ERROR:  column a.Descricao does not exist at character 89
2023-03-24 11:17:29.996 -03 [6516] HINT:  Perhaps you meant to reference the column "a.descricao".
2023-03-24 11:17:29.996 -03 [6516] STATEMENT:  select * from public.area a left join fazenda f on f.codfaz = a.codfaz order by f.nome, a."Descricao"
2023-03-24 11:17:30.067 -03 [1536] ERROR:  column a.Descricao does not exist at character 89
2023-03-24 11:17:30.067 -03 [1536] HINT:  Perhaps you meant to reference the column "a.descricao".
2023-03-24 11:17:30.067 -03 [1536] STATEMENT:  select * from public.area a left join fazenda f on f.codfaz = a.codfaz order by f.nome, a."Descricao"
2023-03-24 11:18:28.040 -03 [10900] ERROR:  column a.Descricao does not exist at character 89
2023-03-24 11:18:28.040 -03 [10900] HINT:  Perhaps you meant to reference the column "a.descricao".
2023-03-24 11:18:28.040 -03 [10900] STATEMENT:  select * from public.area a left join fazenda f on f.codfaz = a.codfaz order by f.nome, a."Descricao"
2023-03-24 11:18:28.108 -03 [9484] ERROR:  column a.Descricao does not exist at character 89
2023-03-24 11:18:28.108 -03 [9484] HINT:  Perhaps you meant to reference the column "a.descricao".
2023-03-24 11:18:28.108 -03 [9484] STATEMENT:  select * from public.area a left join fazenda f on f.codfaz = a.codfaz order by f.nome, a."Descricao"
2023-03-24 11:20:12.263 -03 [12484] ERROR:  column a.Descricao does not exist at character 89
2023-03-24 11:20:12.263 -03 [12484] HINT:  Perhaps you meant to reference the column "a.descricao".
2023-03-24 11:20:12.263 -03 [12484] STATEMENT:  select * from public.area a left join fazenda f on f.codfaz = a.codfaz order by f.nome, a."Descricao"
2023-03-24 11:20:12.328 -03 [10552] ERROR:  column a.Descricao does not exist at character 89
2023-03-24 11:20:12.328 -03 [10552] HINT:  Perhaps you meant to reference the column "a.descricao".
2023-03-24 11:20:12.328 -03 [10552] STATEMENT:  select * from public.area a left join fazenda f on f.codfaz = a.codfaz order by f.nome, a."Descricao"
2023-03-24 13:58:43.428 -03 [11112] ERROR:  insert or update on table "area" violates foreign key constraint "areia_refpk"
2023-03-24 13:58:43.428 -03 [11112] DETAIL:  Key (codfaz)=(0) is not present in table "fazenda".
2023-03-24 13:58:43.428 -03 [11112] STATEMENT:  INSERT INTO area (codfaz, descricao, valor) VALUES ($1, $2, $3)
2023-03-24 13:59:04.347 -03 [16176] ERROR:  insert or update on table "area" violates foreign key constraint "areia_refpk"
2023-03-24 13:59:04.347 -03 [16176] DETAIL:  Key (codfaz)=(0) is not present in table "fazenda".
2023-03-24 13:59:04.347 -03 [16176] STATEMENT:  INSERT INTO area (codfaz, descricao, valor) VALUES ($1, $2, $3)
2023-03-24 13:59:16.404 -03 [16236] ERROR:  insert or update on table "area" violates foreign key constraint "areia_refpk"
2023-03-24 13:59:16.404 -03 [16236] DETAIL:  Key (codfaz)=(0) is not present in table "fazenda".
2023-03-24 13:59:16.404 -03 [16236] STATEMENT:  INSERT INTO area (codfaz, descricao, valor) VALUES ($1, $2, $3)
