2023-03-08 07:20:06.935 -03 [4384] LOG:  starting PostgreSQL 14.6, compiled by Visual C++ build 1914, 64-bit
2023-03-08 07:20:06.980 -03 [4384] LOG:  listening on IPv6 address "::", port 5432
2023-03-08 07:20:06.980 -03 [4384] LOG:  listening on IPv4 address "0.0.0.0", port 5432
2023-03-08 07:20:07.580 -03 [5040] LOG:  database system was interrupted; last known up at 2023-03-07 16:42:12 -03
2023-03-08 07:20:16.345 -03 [5040] LOG:  database system was not properly shut down; automatic recovery in progress
2023-03-08 07:20:16.363 -03 [5040] LOG:  redo starts at 0/1AD3C18
2023-03-08 07:20:16.363 -03 [5040] LOG:  invalid record length at 0/1AD3D00: wanted 24, got 0
2023-03-08 07:20:16.363 -03 [5040] LOG:  redo done at 0/1AD3CC8 system usage: CPU: user: 0.00 s, system: 0.00 s, elapsed: 0.00 s
2023-03-08 07:20:16.481 -03 [4384] LOG:  database system is ready to accept connections
2023-03-08 07:52:38.800 -03 [6040] ERROR:  column "descricao" does not exist at character 29
2023-03-08 07:52:38.800 -03 [6040] HINT:  Perhaps you meant to reference the column "area.Descricao".
2023-03-08 07:52:38.800 -03 [6040] STATEMENT:  SELECT * FROM area ORDER BY descricao ASC
2023-03-08 16:55:42.459 -03 [12764] LOG:  could not receive data from client: unrecognized winsock error 10054
2023-03-08 16:55:42.459 -03 [268] LOG:  could not receive data from client: unrecognized winsock error 10054
2023-03-08 16:55:42.459 -03 [6528] LOG:  could not receive data from client: unrecognized winsock error 10054
2023-03-08 16:55:42.460 -03 [876] LOG:  could not receive data from client: unrecognized winsock error 10054
2023-03-08 16:55:42.460 -03 [3544] LOG:  could not receive data from client: unrecognized winsock error 10054
2023-03-08 16:55:42.461 -03 [7396] LOG:  could not receive data from client: unrecognized winsock error 10054
2023-03-08 16:55:42.463 -03 [2612] LOG:  could not receive data from client: unrecognized winsock error 10054
2023-03-08 16:55:42.463 -03 [3512] LOG:  could not receive data from client: unrecognized winsock error 10054
2023-03-08 16:55:42.470 -03 [12244] LOG:  could not receive data from client: unrecognized winsock error 10054
2023-03-08 16:55:42.474 -03 [11780] LOG:  could not receive data from client: unrecognized winsock error 10054
