2023-03-28 07:15:06.530 -03 [4472] LOG:  starting PostgreSQL 14.6, compiled by Visual C++ build 1914, 64-bit
2023-03-28 07:15:06.553 -03 [4472] LOG:  listening on IPv6 address "::", port 5432
2023-03-28 07:15:06.553 -03 [4472] LOG:  listening on IPv4 address "0.0.0.0", port 5432
2023-03-28 07:15:07.201 -03 [5068] LOG:  database system was interrupted; last known up at 2023-03-27 10:48:46 -03
2023-03-28 07:15:16.401 -03 [5068] LOG:  database system was not properly shut down; automatic recovery in progress
2023-03-28 07:15:16.414 -03 [5068] LOG:  redo starts at 0/1FC1158
2023-03-28 07:15:16.414 -03 [5068] LOG:  invalid record length at 0/1FC1240: wanted 24, got 0
2023-03-28 07:15:16.414 -03 [5068] LOG:  redo done at 0/1FC1208 system usage: CPU: user: 0.00 s, system: 0.00 s, elapsed: 0.00 s
2023-03-28 07:15:16.821 -03 [4472] LOG:  database system is ready to accept connections
2023-03-28 10:38:27.202 -03 [4584] ERROR:  relation "cei" does not exist at character 15
2023-03-28 10:38:27.202 -03 [4584] STATEMENT:  select * from cei 
2023-03-28 10:38:41.140 -03 [4584] ERROR:  relation "cei" does not exist at character 15
2023-03-28 10:38:41.140 -03 [4584] STATEMENT:  select * from CEI 
2023-03-28 10:38:57.914 -03 [4584] ERROR:  relation "public.cei" does not exist at character 16
2023-03-28 10:38:57.914 -03 [4584] STATEMENT:  select * from  PUBLIC.CEI 
2023-03-28 10:39:17.276 -03 [4584] ERROR:  relation "cei" does not exist at character 15
2023-03-28 10:39:17.276 -03 [4584] STATEMENT:  select * from cei
2023-03-28 10:39:50.912 -03 [11784] ERROR:  relation "cei" does not exist at character 15
2023-03-28 10:39:50.912 -03 [11784] STATEMENT:  select * from "cei"
2023-03-28 10:39:58.453 -03 [11784] ERROR:  relation "cei" does not exist at character 15
2023-03-28 10:39:58.453 -03 [11784] STATEMENT:  select * from cei
2023-03-28 10:41:27.466 -03 [12992] ERROR:  operator does not exist: character varying | character varying at character 22
2023-03-28 10:41:27.466 -03 [12992] HINT:  No operator matches the given name and argument types. You might need to add explicit type casts.
2023-03-28 10:41:27.466 -03 [12992] STATEMENT:  SELECT idcei, numero | produtor FROM "CEI"
	ORDER BY idcei ASC 
2023-03-28 10:41:35.064 -03 [12992] ERROR:  operator does not exist: character varying + character varying at character 22
2023-03-28 10:41:35.064 -03 [12992] HINT:  No operator matches the given name and argument types. You might need to add explicit type casts.
2023-03-28 10:41:35.064 -03 [12992] STATEMENT:  SELECT idcei, numero + produtor FROM "CEI"
	ORDER BY idcei ASC 
2023-03-28 10:42:22.967 -03 [12992] ERROR:  operator does not exist: character varying ||- character varying at character 22
2023-03-28 10:42:22.967 -03 [12992] HINT:  No operator matches the given name and argument types. You might need to add explicit type casts.
2023-03-28 10:42:22.967 -03 [12992] STATEMENT:  SELECT idcei, numero ||- produtor FROM "CEI"
	ORDER BY idcei ASC 
2023-03-28 10:42:28.383 -03 [12992] ERROR:  operator does not exist: character varying ||-|| character varying at character 22
2023-03-28 10:42:28.383 -03 [12992] HINT:  No operator matches the given name and argument types. You might need to add explicit type casts.
2023-03-28 10:42:28.383 -03 [12992] STATEMENT:  SELECT idcei, numero ||-|| produtor FROM "CEI"
	ORDER BY idcei ASC 
2023-03-28 11:12:12.626 -03 [5468] LOG:  could not receive data from client: unrecognized winsock error 10054
2023-03-28 11:14:37.387 -03 [5056] ERROR:  relation "cei" does not exist at character 42
2023-03-28 11:14:37.387 -03 [5056] STATEMENT:  SELECT idcei, numero, produtor nome FROM CEI ORDER BY produtor ASC 
2023-03-28 11:20:50.178 -03 [12716] ERROR:  operator does not exist: || character varying at character 25
2023-03-28 11:20:50.178 -03 [12716] HINT:  No operator matches the given name and argument type. You might need to add an explicit type cast.
2023-03-28 11:20:50.178 -03 [12716] STATEMENT:  SELECT idcei, numero || || produtor nome FROM "CEI" ORDER BY produtor ASC 
2023-03-28 11:22:09.008 -03 [12780] ERROR:  column "-" does not exist at character 24
2023-03-28 11:22:09.008 -03 [12780] STATEMENT:  SELECT idcei, numero ||"-"|| produtor nome FROM "CEI" ORDER BY produtor ASC 
2023-03-28 11:22:56.857 -03 [9976] ERROR:  zero-length delimited identifier at or near """" at character 24
2023-03-28 11:22:56.857 -03 [9976] STATEMENT:  SELECT idcei, numero ||""-""|| produtor nome FROM "CEI" ORDER BY produtor ASC 
2023-03-28 11:23:15.083 -03 [2700] ERROR:  operator does not exist: character varying ||-|| character varying at character 22
2023-03-28 11:23:15.083 -03 [2700] HINT:  No operator matches the given name and argument types. You might need to add explicit type casts.
2023-03-28 11:23:15.083 -03 [2700] STATEMENT:  SELECT idcei, numero ||-|| produtor nome FROM "CEI" ORDER BY produtor ASC 
2023-03-28 11:32:16.339 -03 [9524] ERROR:  syntax error at end of input at character 76
2023-03-28 11:32:16.339 -03 [9524] STATEMENT:  SELECT idcei, numero ||--|| produtor nome FROM "CEI" ORDER BY produtor ASC 
2023-03-28 11:36:13.062 -03 [12808] ERROR:  operator does not exist: | character varying at character 27
2023-03-28 11:36:13.062 -03 [12808] HINT:  No operator matches the given name and argument type. You might need to add an explicit type cast.
2023-03-28 11:36:13.062 -03 [12808] STATEMENT:  SELECT idcei, numero | || | produtor nome FROM "CEI" ORDER BY produtor ASC 
2023-03-28 11:36:28.960 -03 [9324] ERROR:  operator does not exist: | character varying at character 27
2023-03-28 11:36:28.960 -03 [9324] HINT:  No operator matches the given name and argument type. You might need to add an explicit type cast.
2023-03-28 11:36:28.960 -03 [9324] STATEMENT:  SELECT idcei, numero | || | produtor nome FROM "CEI" ORDER BY produtor ASC 
2023-03-28 11:39:25.289 -03 [5660] ERROR:  operator does not exist: character varying |||| character varying at character 22
2023-03-28 11:39:25.289 -03 [5660] HINT:  No operator matches the given name and argument types. You might need to add explicit type casts.
2023-03-28 11:39:25.289 -03 [5660] STATEMENT:  SELECT idcei, numero |||| produtor nome FROM "CEI" ORDER BY produtor ASC 
2023-03-28 11:42:22.609 -03 [12992] ERROR:  operator does not exist: character varying + character varying at character 22
2023-03-28 11:42:22.609 -03 [12992] HINT:  No operator matches the given name and argument types. You might need to add explicit type casts.
2023-03-28 11:42:22.609 -03 [12992] STATEMENT:  SELECT idcei, numero + produtor nome FROM "CEI"
	ORDER BY produtor ASC 
2023-03-28 11:43:56.838 -03 [12992] ERROR:  zero-length delimited identifier at or near """" at character 24
2023-03-28 11:43:56.838 -03 [12992] STATEMENT:  SELECT idcei, numero ||""|| produtor nome FROM "CEI"
	ORDER BY produtor ASC 
2023-03-28 11:55:23.708 -03 [2780] ERROR:  syntax error at or near "{" at character 24
2023-03-28 11:55:23.708 -03 [2780] STATEMENT:  SELECT idcei, numero ||{-}|| produtor nome FROM "CEI" ORDER BY produtor ASC 
2023-03-28 14:00:03.759 -03 [13616] ERROR:  syntax error at or near "{" at character 24
2023-03-28 14:00:03.759 -03 [13616] STATEMENT:  SELECT idcei, numero ||{-}|| produtor nome FROM "CEI" ORDER BY produtor ASC 
2023-03-28 14:00:45.471 -03 [4588] ERROR:  operator does not exist: character varying |||| character varying at character 22
2023-03-28 14:00:45.471 -03 [4588] HINT:  No operator matches the given name and argument types. You might need to add explicit type casts.
2023-03-28 14:00:45.471 -03 [4588] STATEMENT:  SELECT idcei, numero |||| produtor nome FROM "CEI" ORDER BY produtor ASC
2023-03-28 14:03:58.520 -03 [5400] ERROR:  operator does not exist: character varying |||| character varying at character 22
2023-03-28 14:03:58.520 -03 [5400] HINT:  No operator matches the given name and argument types. You might need to add explicit type casts.
2023-03-28 14:03:58.520 -03 [5400] STATEMENT:  SELECT idcei, numero |||| produtor nome FROM "CEI" ORDER BY produtor ASC
2023-03-28 14:05:06.223 -03 [12916] ERROR:  column "-" does not exist at character 24
2023-03-28 14:05:06.223 -03 [12916] STATEMENT:  SELECT idcei, numero ||"-"|| produtor nome FROM "CEI" ORDER BY produtor ASC
2023-03-28 14:11:27.614 -03 [8044] ERROR:  syntax error at or near "$" at character 25
2023-03-28 14:11:27.614 -03 [8044] STATEMENT:  SELECT idcei, numero ||`${-}`|| produtor nome FROM "CEI" ORDER BY produtor ASC
2023-03-28 14:16:47.971 -03 [13368] ERROR:  operator does not exist: || character varying at character 27
2023-03-28 14:16:47.971 -03 [13368] HINT:  No operator matches the given name and argument type. You might need to add an explicit type cast.
2023-03-28 14:16:47.971 -03 [13368] STATEMENT:  SELECT idcei, numero || - || produtor nome FROM "CEI" ORDER BY produtor ASC
2023-03-28 14:19:10.660 -03 [13308] LOG:  could not receive data from client: unrecognized winsock error 10054
2023-03-28 14:19:29.022 -03 [14316] ERROR:  operator does not exist: || character varying at character 27
2023-03-28 14:19:29.022 -03 [14316] HINT:  No operator matches the given name and argument type. You might need to add an explicit type cast.
2023-03-28 14:19:29.022 -03 [14316] STATEMENT:  SELECT idcei, numero || - || produtor nome FROM "CEI" ORDER BY produtor ASC
2023-03-28 14:21:03.780 -03 [12660] LOG:  could not receive data from client: unrecognized winsock error 10054
2023-03-28 15:19:03.358 -03 [12864] LOG:  could not receive data from client: unrecognized winsock error 10054
2023-03-28 15:19:03.358 -03 [8244] LOG:  could not receive data from client: unrecognized winsock error 10054
2023-03-28 15:28:45.569 -03 [15304] ERROR:  syntax error at or near "=" at character 31
2023-03-28 15:28:45.569 -03 [15304] STATEMENT:  select * from colhedor numero =390
2023-03-28 15:28:50.298 -03 [15304] ERROR:  syntax error at or near "=" at character 31
2023-03-28 15:28:50.298 -03 [15304] STATEMENT:  select * from colhedor numero = 390
2023-03-28 15:28:53.726 -03 [15304] ERROR:  syntax error at or near "=" at character 31
2023-03-28 15:28:53.726 -03 [15304] STATEMENT:  select * from colhedor numero = '390'
2023-03-28 16:04:16.295 -03 [15304] ERROR:  there is no parameter $1 at character 65
2023-03-28 16:04:16.295 -03 [15304] STATEMENT:  SELECT guuidcolhedor, nome, numero FROM COLHEDOR where codfaz = $1
2023-03-28 16:04:32.841 -03 [15304] ERROR:  syntax error at or near "true" at character 78
2023-03-28 16:04:32.841 -03 [15304] STATEMENT:  SELECT guuidcolhedor, nome, numero FROM COLHEDOR where codfaz = 1 and status true
2023-03-28 16:27:37.890 -03 [14360] ERROR:  invalid input syntax for type integer: "NaN"
2023-03-28 16:27:37.890 -03 [14360] CONTEXT:  unnamed portal parameter $1 = '...'
2023-03-28 16:27:37.890 -03 [14360] STATEMENT:  select * from area a left join fazenda f on f.codfaz = a.codfaz WHERE codaria = $1
2023-03-28 16:27:37.901 -03 [5560] ERROR:  invalid input syntax for type integer: "NaN"
2023-03-28 16:27:37.901 -03 [5560] CONTEXT:  unnamed portal parameter $1 = '...'
2023-03-28 16:27:37.901 -03 [5560] STATEMENT:  select * from area a left join fazenda f on f.codfaz = a.codfaz WHERE codaria = $1
2023-03-28 16:43:09.303 -03 [15660] ERROR:  column "codquadra" does not exist at character 30
2023-03-28 16:43:09.303 -03 [15660] STATEMENT:  SELECT * FROM colhedor WHERE codquadra = $1
2023-03-28 16:43:09.323 -03 [13904] ERROR:  column "codquadra" does not exist at character 30
2023-03-28 16:43:09.323 -03 [13904] STATEMENT:  SELECT * FROM colhedor WHERE codquadra = $1
2023-03-28 16:43:19.999 -03 [14668] ERROR:  column "codquadra" does not exist at character 30
2023-03-28 16:43:19.999 -03 [14668] STATEMENT:  SELECT * FROM colhedor WHERE codquadra = $1
2023-03-28 16:43:20.007 -03 [15732] ERROR:  column "codquadra" does not exist at character 30
2023-03-28 16:43:20.007 -03 [15732] STATEMENT:  SELECT * FROM colhedor WHERE codquadra = $1
2023-03-28 16:44:42.299 -03 [15640] ERROR:  column "codquadra" does not exist at character 30
2023-03-28 16:44:42.299 -03 [15640] STATEMENT:  SELECT * FROM colhedor WHERE codquadra = $1
2023-03-28 16:48:34.138 -03 [15304] ERROR:  relation "cei" does not exist at character 80
2023-03-28 16:48:34.138 -03 [15304] STATEMENT:  select * from colhedor c 
	left join fazenda f on f.codfaz = c.codfaz
	left join cei ce on ce.idcei = c.codcei 
	
2023-03-28 16:48:50.040 -03 [15304] ERROR:  relation "cei" does not exist at character 80
2023-03-28 16:48:50.040 -03 [15304] STATEMENT:  select * from colhedor c 
	left join fazenda f on f.codfaz = c.codfaz
	left join "cei" ce on ce.idcei = c.codcei 
	
2023-03-28 16:48:57.430 -03 [15304] ERROR:  relation "cei" does not exist at character 80
2023-03-28 16:48:57.430 -03 [15304] STATEMENT:  select * from colhedor c 
	left join fazenda f on f.codfaz = c.codfaz
	left join CEI ce on ce.idcei = c.codcei 
	
2023-03-28 16:50:06.255 -03 [15304] ERROR:  syntax error at or near "bee" at character 151
2023-03-28 16:50:06.255 -03 [15304] STATEMENT:  select * from colhedor c 
	left join fazenda f on f.codfaz = c.codfaz
	left join "CEI" ce on ce.idcei = c.codcei 
	where c.guuidcolhedor =03e40080-5955-4bee-abc1-b7b0c750b33e 
	
2023-03-28 16:51:43.202 -03 [15304] ERROR:  syntax error at or near "." at character 70
2023-03-28 16:51:43.202 -03 [15304] STATEMENT:  select c.guuidcolhedor, c.nome, c.cpf, c.numero, c.codfaz, c.codcei
	f.nome fazenda   from colhedor c 
	left join fazenda f on f.codfaz = c.codfaz
	left join "CEI" ce on ce.idcei = c.codcei 
	where c.guuidcolhedor = '03e40080-5955-4bee-abc1-b7b0c750b33e' 
	
2023-03-28 16:52:13.665 -03 [12992] LOG:  could not receive data from client: unrecognized winsock error 10054
2023-03-28 16:52:13.665 -03 [7712] LOG:  could not receive data from client: unrecognized winsock error 10054
2023-03-28 16:52:13.669 -03 [15304] LOG:  could not receive data from client: unrecognized winsock error 10054
2023-03-28 16:52:13.669 -03 [11756] LOG:  could not receive data from client: unrecognized winsock error 10054
2023-03-28 16:52:13.670 -03 [8600] LOG:  could not receive data from client: unrecognized winsock error 10054
2023-03-28 16:52:13.671 -03 [11784] LOG:  could not receive data from client: unrecognized winsock error 10054
2023-03-28 16:52:13.671 -03 [4584] LOG:  could not receive data from client: unrecognized winsock error 10054
2023-03-28 16:52:13.674 -03 [12068] LOG:  could not receive data from client: unrecognized winsock error 10054
2023-03-29 07:42:15.069 -03 [10420] ERROR:  column c.guuidcolhedo does not exist at character 239
2023-03-29 07:42:15.069 -03 [10420] HINT:  Perhaps you meant to reference the column "c.guuidcolhedor".
2023-03-29 07:42:15.069 -03 [10420] STATEMENT:   select c.guuidcolhedor, c.nome, c.cpf, c.numero, c.codfaz, c.codcei,  f.nome fazenda, ce.numero ||' - ' ||ce.produtor produtor from colhedor c  left join fazenda f on f.codfaz = c.codfaz  left join "CEI" ce on ce.idcei = c.codcei  where c.guuidcolhedo = $1 
2023-03-29 07:43:21.869 -03 [3224] ERROR:  column c.guuidcolhedo does not exist at character 240
2023-03-29 07:43:21.869 -03 [3224] HINT:  Perhaps you meant to reference the column "c.guuidcolhedor".
2023-03-29 07:43:21.869 -03 [3224] STATEMENT:   select c.guuidcolhedor, c.nome, c.cpf, c.numero, c.codfaz, c.codcei,  f.nome fazenda, ce.numero ||' - ' || ce.produtor produtor from colhedor c  left join fazenda f on f.codfaz = c.codfaz  left join "CEI" ce on ce.idcei = c.codcei  where c.guuidcolhedo = $1 
2023-03-29 07:43:50.350 -03 [2364] ERROR:  column c.guuidcolhedo does not exist at character 240
2023-03-29 07:43:50.350 -03 [2364] HINT:  Perhaps you meant to reference the column "c.guuidcolhedor".
2023-03-29 07:43:50.350 -03 [2364] STATEMENT:   select c.guuidcolhedor, c.nome, c.cpf, c.numero, c.codfaz, c.codcei,  f.nome fazenda, ce.numero ||' - ' || ce.produtor produtor from colhedor c  left join fazenda f on f.codfaz = c.codfaz  left join "CEI" ce on ce.idcei = c.codcei  where c.guuidcolhedo = $1 
2023-03-29 07:45:20.800 -03 [13064] ERROR:  column c.guuidcolhedo does not exist at character 240
2023-03-29 07:45:20.800 -03 [13064] HINT:  Perhaps you meant to reference the column "c.guuidcolhedor".
2023-03-29 07:45:20.800 -03 [13064] STATEMENT:   select c.guuidcolhedor, c.nome, c.cpf, c.numero, c.codfaz, c.codcei,  f.nome fazenda, ce.numero ||' - ' || ce.produtor produtor from colhedor c  left join fazenda f on f.codfaz = c.codfaz  left join "CEI" ce on ce.idcei = c.codcei  where c.guuidcolhedo = $1 
2023-03-29 07:46:10.934 -03 [9600] ERROR:  column c.guuidcolhedo does not exist at character 240
2023-03-29 07:46:10.934 -03 [9600] HINT:  Perhaps you meant to reference the column "c.guuidcolhedor".
2023-03-29 07:46:10.934 -03 [9600] STATEMENT:   select c.guuidcolhedor, c.nome, c.cpf, c.numero, c.codfaz, c.codcei,  f.nome fazenda, ce.numero ||' - ' || ce.produtor produtor from colhedor c  left join fazenda f on f.codfaz = c.codfaz  left join "CEI" ce on ce.idcei = c.codcei  where c.guuidcolhedo = $1 
2023-03-29 07:55:35.822 -03 [12524] ERROR:  column c.guuidcolhedo does not exist at character 221
2023-03-29 07:55:35.822 -03 [12524] HINT:  Perhaps you meant to reference the column "c.guuidcolhedor".
2023-03-29 07:55:35.822 -03 [12524] STATEMENT:   select c.guuidcolhedor, c.nome, c.cpf, c.numero, c.codfaz, c.codcei,  f.nome fazenda, ce.numero, ce.produtor from colhedor c  left join fazenda f on f.codfaz = c.codfaz  left join "CEI" ce on ce.idcei = c.codcei  where c.guuidcolhedo = $1 
2023-03-29 07:56:36.501 -03 [16128] ERROR:  column c.guuidcolhedo does not exist at character 221
2023-03-29 07:56:36.501 -03 [16128] HINT:  Perhaps you meant to reference the column "c.guuidcolhedor".
2023-03-29 07:56:36.501 -03 [16128] STATEMENT:   select c.guuidcolhedor, c.nome, c.cpf, c.numero, c.codfaz, c.codcei,  f.nome fazenda, ce.numero, ce.produtor from colhedor c  left join fazenda f on f.codfaz = c.codfaz  left join "CEI" ce on ce.idcei = c.codcei  where c.guuidcolhedo = $1 
2023-03-29 07:57:25.506 -03 [15132] ERROR:  column c.guuidcolhedo does not exist at character 221
2023-03-29 07:57:25.506 -03 [15132] HINT:  Perhaps you meant to reference the column "c.guuidcolhedor".
2023-03-29 07:57:25.506 -03 [15132] STATEMENT:   select c.guuidcolhedor, c.nome, c.cpf, c.numero, c.codfaz, c.codcei,  f.nome fazenda, ce.numero, ce.produtor from colhedor c  left join fazenda f on f.codfaz = c.codfaz  left join "CEI" ce on ce.idcei = c.codcei  where c.guuidcolhedo = $1 
2023-03-29 07:58:02.225 -03 [12504] ERROR:  relation "cei" does not exist at character 182
2023-03-29 07:58:02.225 -03 [12504] STATEMENT:   select c.guuidcolhedor, c.nome, c.cpf, c.numero, c.codfaz, c.codcei,  f.nome fazenda, ce.numero, ce.produtor from colhedor c  left join fazenda f on f.codfaz = c.codfaz  left join CEI ce on ce.idcei = c.codcei  where c.guuidcolhedo = $1 
2023-03-29 07:59:27.722 -03 [12680] ERROR:  syntax error at or near "from" at character 72
2023-03-29 07:59:27.722 -03 [12680] STATEMENT:   select c.guuidcolhedor, c.nome, c.cpf, c.numero, c.codfaz, c.codcei,  from colhedor c  where c.guuidcolhedo = $1 
2023-03-29 08:01:35.847 -03 [11988] ERROR:  column c.guuidcolhedo does not exist at character 34
2023-03-29 08:01:35.847 -03 [11988] HINT:  Perhaps you meant to reference the column "c.guuidcolhedor".
2023-03-29 08:01:35.847 -03 [11988] STATEMENT:   select * from colhedor c  where c.guuidcolhedo = $1 
2023-03-29 08:01:59.134 -03 [9596] ERROR:  column c.guuidcolhedo does not exist at character 34
2023-03-29 08:01:59.134 -03 [9596] HINT:  Perhaps you meant to reference the column "c.guuidcolhedor".
2023-03-29 08:01:59.134 -03 [9596] STATEMENT:   select * from colhedor c  where c.guuidcolhedo = $1 
2023-03-29 08:02:35.495 -03 [11376] ERROR:  column c.guuidcolhedo does not exist at character 33
2023-03-29 08:02:35.495 -03 [11376] HINT:  Perhaps you meant to reference the column "c.guuidcolhedor".
2023-03-29 08:02:35.495 -03 [11376] STATEMENT:   select * from colhedor c where c.guuidcolhedo = $1 
2023-03-29 08:03:13.552 -03 [12744] ERROR:  column c.guuidcolhedo does not exist at character 33
2023-03-29 08:03:13.552 -03 [12744] HINT:  Perhaps you meant to reference the column "c.guuidcolhedor".
2023-03-29 08:03:13.552 -03 [12744] STATEMENT:   select * from colhedor c where c.guuidcolhedo = $1 
2023-03-29 08:04:35.603 -03 [10308] ERROR:  syntax error at or near "where" at character 33
2023-03-29 08:04:35.603 -03 [10308] STATEMENT:  select * from colhedor c where 
	where c.guuidcolhedor = '03e40080-5955-4bee-abc1-b7b0c750b33e' 
2023-03-29 08:15:47.679 -03 [14960] ERROR:  bind message supplies 5 parameters, but prepared statement "" requires 4
2023-03-29 08:15:47.679 -03 [14960] STATEMENT:  UPDATE colhedor SET nome = $1, cpf = $2, codcei = $3 WHERE guuidcolhedor = $4
2023-03-29 08:19:17.240 -03 [8300] ERROR:  syntax error at or near "undefined" at character 214
2023-03-29 08:19:17.240 -03 [8300] STATEMENT:   select c.guuidcolhedor, c.nome, c.cpf, c.numero, c.codfaz, c.codcei,  f.nome fazenda, ce.numero, ce.produtor from colhedor c  left join fazenda f on f.codfaz = c.codfaz  left join "CEI" ce on ce.idcei = c.codcei undefined
2023-03-29 08:26:59.174 -03 [11624] ERROR:  syntax error at or near "undefined" at character 214
2023-03-29 08:26:59.174 -03 [11624] STATEMENT:   select c.guuidcolhedor, c.nome, c.cpf, c.numero, c.codfaz, c.codcei,  f.nome fazenda, ce.numero, ce.produtor from colhedor c  left join fazenda f on f.codfaz = c.codfaz  left join "CEI" ce on ce.idcei = c.codcei undefined
2023-03-29 08:27:32.403 -03 [9068] ERROR:  column c.guuidcolhedo does not exist at character 221
2023-03-29 08:27:32.403 -03 [9068] HINT:  Perhaps you meant to reference the column "c.guuidcolhedor".
2023-03-29 08:27:32.403 -03 [9068] STATEMENT:   select c.guuidcolhedor, c.nome, c.cpf, c.numero, c.codfaz, c.codcei,  f.nome fazenda, ce.numero, ce.produtor from colhedor c  left join fazenda f on f.codfaz = c.codfaz  left join "CEI" ce on ce.idcei = c.codcei  where c.guuidcolhedo = $1 
2023-03-29 08:28:58.975 -03 [6940] ERROR:  column c.guuidcolhedo does not exist at character 33
2023-03-29 08:28:58.975 -03 [6940] HINT:  Perhaps you meant to reference the column "c.guuidcolhedor".
2023-03-29 08:28:58.975 -03 [6940] STATEMENT:   select * from colhedor c where c.guuidcolhedo = $1 
2023-03-29 08:29:27.012 -03 [3976] ERROR:  column c.guuidcolhedo does not exist at character 33
2023-03-29 08:29:27.012 -03 [3976] HINT:  Perhaps you meant to reference the column "c.guuidcolhedor".
2023-03-29 08:29:27.012 -03 [3976] STATEMENT:   select * from colhedor c where c.guuidcolhedo = $1 
2023-03-29 08:30:52.200 -03 [8920] ERROR:  column c.guuidcolhedo does not exist at character 33
2023-03-29 08:30:52.200 -03 [8920] HINT:  Perhaps you meant to reference the column "c.guuidcolhedor".
2023-03-29 08:30:52.200 -03 [8920] STATEMENT:   select * from colhedor c where c.guuidcolhedo = $1 
2023-03-29 08:34:47.789 -03 [14820] ERROR:  column c.guuidcolhedo does not exist at character 33
2023-03-29 08:34:47.789 -03 [14820] HINT:  Perhaps you meant to reference the column "c.guuidcolhedor".
2023-03-29 08:34:47.789 -03 [14820] STATEMENT:   select * from colhedor c where c.guuidcolhedo = $1 
2023-03-29 08:37:33.543 -03 [6764] ERROR:  syntax error at or near "undefined" at character 214
2023-03-29 08:37:33.543 -03 [6764] STATEMENT:   select c.guuidcolhedor, c.nome, c.cpf, c.numero, c.codfaz, c.codcei,  f.nome fazenda, ce.numero, ce.produtor from colhedor c  left join fazenda f on f.codfaz = c.codfaz  left join "CEI" ce on ce.idcei = c.codcei undefined
2023-03-29 09:43:28.498 -03 [3012] ERROR:  bind message supplies 7 parameters, but prepared statement "" requires 6
2023-03-29 09:43:28.498 -03 [3012] STATEMENT:  UPDATE colhedor SET nome = $1, cpf = $2, codfaz = $3, codcei = $4, status = $5 where guuidcolhedor = $6
2023-03-29 09:44:59.103 -03 [9740] ERROR:  bind message supplies 7 parameters, but prepared statement "" requires 6
2023-03-29 09:44:59.103 -03 [9740] STATEMENT:  UPDATE colhedor SET nome = $1, cpf = $2, codfaz = $3, codcei = $4, status = $5 where guuidcolhedor = $6
