2023-04-03 07:43:16.957 -03 [4492] LOG:  starting PostgreSQL 14.6, compiled by Visual C++ build 1914, 64-bit
2023-04-03 07:43:16.962 -03 [4492] LOG:  listening on IPv6 address "::", port 5432
2023-04-03 07:43:16.962 -03 [4492] LOG:  listening on IPv4 address "0.0.0.0", port 5432
2023-04-03 07:43:17.288 -03 [4852] LOG:  database system was shut down at 2023-04-03 07:42:57 -03
2023-04-03 07:43:17.404 -03 [4492] LOG:  database system is ready to accept connections
2023-04-03 08:20:40.032 -03 [9756] ERROR:  there is no parameter $1 at character 166
2023-04-03 08:20:40.032 -03 [9756] STATEMENT:  SELECT c.guuidcolhedor, c.codfaz, c.nome, c.cpf, c.numero, f.nome fazenda FROM colhedor c
	             left join fazenda f on f.codfaz = c.codfaz where c.nome ilike $1 order by c.nome limit 20
2023-04-03 08:22:58.071 -03 [1908] ERROR:  relation "CEI" does not exist at character 210
2023-04-03 08:22:58.071 -03 [1908] STATEMENT:   select c.guuidcolhedor, c.nome, c.cpf, c.numero, c.codfaz, c.codcei, c.status,  f.nome fazenda, ce.numero ||' - '|| ce.produtor produtor from colhedor c  left join fazenda f on f.codfaz = c.codfaz  left join "CEI" ce on ce.idcei = c.codcei  where c.guuidcolhedor = $1 
2023-04-03 08:49:30.648 -03 [8356] ERROR:  null value in column "status" of relation "colhedor" violates not-null constraint
2023-04-03 08:49:30.648 -03 [8356] DETAIL:  Failing row contains (0007038c-d0c9-4f15-9317-18d10efc0042, edmar2, 111.111.111-78, 10, 1, 1, null).
2023-04-03 08:49:30.648 -03 [8356] STATEMENT:  UPDATE colhedor SET nome = $1, cpf = $2, numero =$3, codfaz = $4, codcei = $5, status = $6 where guuidcolhedor = $7
2023-04-03 09:29:50.291 -03 [5364] ERROR:  column "guuidvale" of relation "area" does not exist at character 19
2023-04-03 09:29:50.291 -03 [5364] STATEMENT:  INSERT INTO area (guuidvale, guuidcolhedor, datadesconto, datalancamento, historico, valor ) VALUES ($1, $2, $3, $4, $5, $6 )
2023-04-03 09:31:23.217 -03 [3036] ERROR:  column "guuidvale" of relation "area" does not exist at character 19
2023-04-03 09:31:23.217 -03 [3036] STATEMENT:  INSERT INTO area (guuidvale, guuidcolhedor, datadesconto, datalancamento, historico, valor ) VALUES ($1, $2, $3, $4, $5, $6 )
2023-04-03 09:31:58.839 -03 [1500] ERROR:  column "guuidvale" of relation "area" does not exist at character 19
2023-04-03 09:31:58.839 -03 [1500] STATEMENT:  INSERT INTO area (guuidvale, guuidcolhedor, datadesconto, datalancamento, historico, valor ) VALUES ($1, $2, $3, $4, $5, $6 )
2023-04-03 09:33:02.338 -03 [5420] ERROR:  insert or update on table "vale" violates foreign key constraint "vale_guuidcolhedor_fkey"
2023-04-03 09:33:02.338 -03 [5420] DETAIL:  Key (guuidcolhedor)=(0007038c-d0c9-4f15-9317-18d10efc0042) is not present in table "colhedor".
2023-04-03 09:33:02.338 -03 [5420] STATEMENT:  INSERT INTO vale (guuidvale, guuidcolhedor, datadesconto, datalancamento, historico, valor ) VALUES ($1, $2, $3, $4, $5, $6 )
2023-04-03 09:35:33.693 -03 [1016] ERROR:  insert or update on table "vale" violates foreign key constraint "vale_guuidcolhedor_fkey"
2023-04-03 09:35:33.693 -03 [1016] DETAIL:  Key (guuidcolhedor)=(0007038c-d0c9-4f15-9317-18d10efc0042) is not present in table "colhedor".
2023-04-03 09:35:33.693 -03 [1016] STATEMENT:  INSERT INTO vale (guuidvale, guuidcolhedor, datadesconto, datalancamento, historico, valor ) VALUES ($1, $2, $3, $4, $5, $6 )
2023-04-03 10:08:25.456 -03 [1844] ERROR:  cannot use column reference in DEFAULT expression
2023-04-03 10:08:25.456 -03 [1844] STATEMENT:  ALTER TABLE IF EXISTS public.vale
	    ALTER COLUMN datalancamento SET DEFAULT now;
2023-04-03 10:10:02.034 -03 [12352] ERROR:  INSERT has more expressions than target columns at character 106
2023-04-03 10:10:02.034 -03 [12352] STATEMENT:  INSERT INTO vale (guuidvale, guuidcolhedor, datadesconto, historico, valor ) VALUES ($1, $2, $3, $4, $5, $6 )
2023-04-03 10:10:23.084 -03 [6672] ERROR:  duplicate key value violates unique constraint "vale_pkey"
2023-04-03 10:10:23.084 -03 [6672] DETAIL:  Key (guuidvale)=(0007038c-d0c9-4f15-9317-18d10efc0043) already exists.
2023-04-03 10:10:23.084 -03 [6672] STATEMENT:  INSERT INTO vale (guuidvale, guuidcolhedor, datadesconto, historico, valor ) VALUES ($1, $2, $3, $4, $5 )
2023-04-03 10:11:20.569 -03 [10452] ERROR:  duplicate key value violates unique constraint "vale_pkey"
2023-04-03 10:11:20.569 -03 [10452] DETAIL:  Key (guuidvale)=(0007038c-d0c9-4f15-9317-18d10efc0043) already exists.
2023-04-03 10:11:20.569 -03 [10452] STATEMENT:  INSERT INTO vale (guuidvale, guuidcolhedor, datadesconto, historico, valor ) VALUES ($1, $2, $3, $4, $5 )
2023-04-03 10:11:55.204 -03 [2980] ERROR:  duplicate key value violates unique constraint "vale_pkey"
2023-04-03 10:11:55.204 -03 [2980] DETAIL:  Key (guuidvale)=(0007038c-d0c9-4f15-9317-18d10efc0043) already exists.
2023-04-03 10:11:55.204 -03 [2980] STATEMENT:  INSERT INTO vale (guuidvale, guuidcolhedor, datadesconto, historico, valor ) VALUES ($1, $2, $3, $4, $5 )
2023-04-03 10:16:12.786 -03 [13076] ERROR:  duplicate key value violates unique constraint "vale_pkey"
2023-04-03 10:16:12.786 -03 [13076] DETAIL:  Key (guuidvale)=(0007038c-d0c9-4f15-9317-18d10efc0043) already exists.
2023-04-03 10:16:12.786 -03 [13076] STATEMENT:  INSERT INTO vale (guuidvale, guuidcolhedor, datadesconto, historico, valor ) VALUES ($1, $2, $3, $4, $5 )
2023-04-03 10:33:12.303 -03 [10860] ERROR:  missing FROM-clause entry for table "v" at character 133
2023-04-03 10:33:12.303 -03 [10860] STATEMENT:  select v.guuidvale, v.guuidcolhedor, v.datadesconto, v.valor, v.status, c.nome  from vale left join colhedor c on c.guuidcolhedor = v.guuidcolhedor where v.datadesconto = $1
2023-04-03 10:33:55.805 -03 [4508] ERROR:  missing FROM-clause entry for table "v" at character 133
2023-04-03 10:33:55.805 -03 [4508] STATEMENT:  select v.guuidvale, v.guuidcolhedor, v.datadesconto, v.valor, v.status, c.nome  from vale left join colhedor c on c.guuidcolhedor = v.guuidcolhedor where v.datadesconto = $1
2023-04-03 10:34:35.564 -03 [1212] ERROR:  missing FROM-clause entry for table "v" at character 133
2023-04-03 10:34:35.564 -03 [1212] STATEMENT:  select v.guuidvale, v.guuidcolhedor, v.datadesconto, v.valor, v.status, c.nome  from vale left join colhedor c on c.guuidcolhedor = v.guuidcolhedor where v.datadesconto = $1
2023-04-03 10:43:18.483 -03 [4472] ERROR:  column "codarea" does not exist at character 89
2023-04-03 10:43:18.483 -03 [4472] STATEMENT:  UPDATE vale SET guuidcolhedor = $1, datadesconto = $2, historico = $3, valor =$4  WHERE codarea = $5
2023-04-03 10:46:23.588 -03 [12232] ERROR:  syntax error at or near "03.04" at character 1
2023-04-03 10:46:23.588 -03 [12232] STATEMENT:  03.04.2023
2023-04-03 11:29:15.204 -03 [5848] ERROR:  column "codverificado" of relation "colheita" does not exist at character 53
2023-04-03 11:29:15.204 -03 [5848] STATEMENT:  INSERT INTO colheita (guuidcolheita, guuidcolhedor, codverificado, codfaz, codarea, codquadra, data, qtd, valor, total ) VALUES ($1, $2, $3, $4, $5, $6, $7, $8, $9, $10)
2023-04-03 11:30:15.829 -03 [684] ERROR:  column "codverificado" of relation "colheita" does not exist at character 53
2023-04-03 11:30:15.829 -03 [684] STATEMENT:  INSERT INTO colheita (guuidcolheita, guuidcolhedor, codverificado, codfaz, codarea, codquadra, data, qtd, valor, total ) VALUES ($1, $2, $3, $4, $5, $6, $7, $8, $9, $10)
2023-04-03 11:30:15.842 -03 [11416] LOG:  could not receive data from client: unrecognized winsock error 10054
2023-04-03 11:44:48.535 -03 [13288] ERROR:  column "id" does not exist at character 29
2023-04-03 11:44:48.535 -03 [13288] STATEMENT:  SELECT * FROM usuario where id <> 1 
2023-04-03 11:54:10.607 -03 [12596] ERROR:  column "id" does not exist at character 29
2023-04-03 11:54:10.607 -03 [12596] STATEMENT:  SELECT * FROM usuario where id <> 1 
2023-04-03 13:38:25.651 -03 [1672] ERROR:  column "id" does not exist at character 29
2023-04-03 13:38:25.651 -03 [1672] STATEMENT:  SELECT * FROM usuario where id <> 1 
2023-04-03 13:41:43.058 -03 [10180] ERROR:  column "id" does not exist at character 29
2023-04-03 13:41:43.058 -03 [10180] STATEMENT:  SELECT * FROM usuario where id <> 1 
2023-04-03 13:53:05.308 -03 [12356] ERROR:  column "codverificado" of relation "colheita" does not exist at character 53
2023-04-03 13:53:05.308 -03 [12356] STATEMENT:  INSERT INTO colheita (guuidcolheita, guuidcolhedor, codverificado, codfaz, codarea, codquadra, data, qtd, valor, total ) VALUES ($1, $2, $3, $4, $5, $6, $7, $8, $9, $10)
2023-04-03 13:58:53.371 -03 [7808] ERROR:  column "codverificado" of relation "colheita" does not exist at character 53
2023-04-03 13:58:53.371 -03 [7808] STATEMENT:  INSERT INTO colheita (guuidcolheita, guuidcolhedor, codverificado, codfaz, codarea, codquadra, data, qtd, valor, total ) VALUES ($1, $2, $3, $4, $5, $6, $7, $8, $9, $10)
2023-04-03 14:26:49.904 -03 [14268] ERROR:  syntax error at or near "where" at character 82
2023-04-03 14:26:49.904 -03 [14268] STATEMENT:  SELECT
	  *
	FROM
		colheita
	WHERE
		EXISTS( SELECT NULL )
	ORDER BY
	  guuidcolheita
	 where
	   guuidcolheita ='1b58b810-c50e-400f-b2a8-93f5fb9362fb'
2023-04-03 14:27:25.173 -03 [14268] ERROR:  column "count" does not exist at character 10
2023-04-03 14:27:25.173 -03 [14268] STATEMENT:  SELECT
	  count
	FROM
		colheita
	WHERE
	  guuidcolheita ='1b58b810-c50e-400f-b2a8-93f5fb9362fb'
	   
2023-04-03 15:59:35.991 -03 [1844] LOG:  could not receive data from client: unrecognized winsock error 10054
2023-04-03 15:59:35.992 -03 [5476] LOG:  could not receive data from client: unrecognized winsock error 10054
2023-04-03 15:59:35.994 -03 [6924] LOG:  could not receive data from client: unrecognized winsock error 10054
2023-04-03 15:59:35.996 -03 [11040] LOG:  could not receive data from client: unrecognized winsock error 10054
2023-04-03 15:59:36.000 -03 [10840] LOG:  could not receive data from client: unrecognized winsock error 10054
2023-04-03 15:59:36.003 -03 [7756] LOG:  could not receive data from client: unrecognized winsock error 10054
2023-04-03 15:59:36.002 -03 [10844] LOG:  could not receive data from client: unrecognized winsock error 10054
2023-04-03 15:59:36.003 -03 [12232] LOG:  could not receive data from client: unrecognized winsock error 10054
2023-04-03 15:59:36.005 -03 [5456] LOG:  could not receive data from client: unrecognized winsock error 10054
2023-04-03 15:59:36.011 -03 [8256] LOG:  could not receive data from client: unrecognized winsock error 10054
2023-04-03 15:59:36.012 -03 [9756] LOG:  could not receive data from client: unrecognized winsock error 10054
2023-04-03 15:59:36.012 -03 [14268] LOG:  could not receive data from client: unrecognized winsock error 10054
2023-04-03 15:59:36.030 -03 [1372] LOG:  could not receive data from client: unrecognized winsock error 10054
2023-04-03 15:59:55.610 -03 [4492] LOG:  received fast shutdown request
2023-04-03 15:59:55.625 -03 [4492] LOG:  aborting any active transactions
2023-04-03 15:59:55.629 -03 [5032] ERROR:  canceling statement due to user request
2023-04-03 15:59:55.635 -03 [4492] LOG:  background worker "logical replication launcher" (PID 5032) exited with exit code 1
2023-04-03 15:59:55.636 -03 [4968] LOG:  shutting down
2023-04-03 15:59:55.686 -03 [4492] LOG:  database system is shut down
