2023-03-25 10:57:13.709 -03 [4472] LOG:  starting PostgreSQL 14.6, compiled by Visual C++ build 1914, 64-bit
2023-03-25 10:57:13.711 -03 [4472] LOG:  listening on IPv6 address "::", port 5432
2023-03-25 10:57:13.711 -03 [4472] LOG:  listening on IPv4 address "0.0.0.0", port 5432
2023-03-25 10:57:14.276 -03 [5088] LOG:  database system was interrupted; last known up at 2023-03-25 07:49:52 -03
2023-03-27 07:13:45.595 -03 [5088] LOG:  database system was not properly shut down; automatic recovery in progress
2023-03-27 07:13:45.607 -03 [5088] LOG:  redo starts at 0/1FAAFF8
2023-03-27 07:13:45.608 -03 [5088] LOG:  invalid record length at 0/1FAB0E0: wanted 24, got 0
2023-03-27 07:13:45.608 -03 [5088] LOG:  redo done at 0/1FAB0A8 system usage: CPU: user: 0.00 s, system: 0.00 s, elapsed: 0.00 s
2023-03-27 07:13:45.676 -03 [4472] LOG:  database system is ready to accept connections
2023-03-27 07:35:01.996 -03 [5020] ERROR:  duplicate key value violates unique constraint "quadra_pkey"
2023-03-27 07:35:01.996 -03 [5020] DETAIL:  Key (codquadra)=(6) already exists.
2023-03-27 07:35:01.996 -03 [5020] STATEMENT:  INSERT INTO quadra ( codaria, codfaz, descricao) VALUES ($1, $2, $3)
2023-03-27 08:22:37.469 -03 [276] ERROR:  syntax error at or near "WHERE" at character 55
2023-03-27 08:22:37.469 -03 [276] STATEMENT:  SELECT * FROM quadra left join fazenda left join area WHERE codquadra =10
2023-03-27 08:26:33.078 -03 [276] ERROR:  column q.codarea does not exist at character 21
2023-03-27 08:26:33.078 -03 [276] HINT:  Perhaps you meant to reference the column "q.codaria".
2023-03-27 08:26:33.078 -03 [276] STATEMENT:  SELECT q.codquadra, q.codarea, q.descricao FROM quadra q left join fazenda f on f.codfaz = q.codfaz
	left join area a on a.codaria = q.codaria WHERE codquadra =10
2023-03-27 08:29:09.288 -03 [4276] ERROR:  missing FROM-clause entry for table "q" at character 117
2023-03-27 08:29:09.288 -03 [4276] STATEMENT:  SELECT q.codquadra, q.codaria, q.descricao, f.nome, a.descricao area FROM quadra qleft join fazenda f on f.codfaz = q.codfaz left join area a on a.codaria = q.codaria WHERE codquadra = $1
2023-03-27 08:29:09.297 -03 [6620] ERROR:  missing FROM-clause entry for table "q" at character 117
2023-03-27 08:29:09.297 -03 [6620] STATEMENT:  SELECT q.codquadra, q.codaria, q.descricao, f.nome, a.descricao area FROM quadra qleft join fazenda f on f.codfaz = q.codfaz left join area a on a.codaria = q.codaria WHERE codquadra = $1
2023-03-27 08:30:11.801 -03 [7268] ERROR:  missing FROM-clause entry for table "q" at character 117
2023-03-27 08:30:11.801 -03 [7268] STATEMENT:  SELECT q.codquadra, q.codaria, q.descricao, f.nome, a.descricao area FROM quadra qleft join fazenda f on f.codfaz = q.codfaz left join area a on a.codaria = q.codaria WHERE codquadra = $1
2023-03-27 10:53:22.125 -03 [15008] ERROR:  syntax error at or near "=" at character 154
2023-03-27 10:53:22.125 -03 [15008] STATEMENT:  select c.guuidcolhedor, c.codfaz, c.nome, c.cpf, c.numero, f.nome fazenda  from colhedor c
	left join fazenda f on f.codfaz = c.codfaz 
	where c.nome like = 'ADRIANO'
	order by c.nome limit 20
2023-03-27 11:10:18.856 -03 [8552] LOG:  could not receive data from client: unrecognized winsock error 10054
2023-03-27 16:55:10.141 -03 [10704] LOG:  could not receive data from client: unrecognized winsock error 10054
2023-03-27 16:55:10.142 -03 [15008] LOG:  could not receive data from client: unrecognized winsock error 10054
2023-03-27 16:55:10.144 -03 [4712] LOG:  could not receive data from client: unrecognized winsock error 10054
2023-03-27 16:55:10.144 -03 [7512] LOG:  could not receive data from client: unrecognized winsock error 10054
2023-03-27 16:55:10.144 -03 [1780] LOG:  could not receive data from client: unrecognized winsock error 10054
2023-03-27 16:55:10.146 -03 [11288] LOG:  could not receive data from client: unrecognized winsock error 10054
2023-03-27 16:55:10.147 -03 [276] LOG:  could not receive data from client: unrecognized winsock error 10054
2023-03-27 16:55:10.147 -03 [15284] LOG:  could not receive data from client: unrecognized winsock error 10054
2023-03-27 16:55:10.147 -03 [8432] LOG:  could not receive data from client: unrecognized winsock error 10054
2023-03-27 16:55:10.160 -03 [6952] LOG:  could not receive data from client: unrecognized winsock error 10054
2023-03-27 16:55:10.160 -03 [1192] LOG:  could not receive data from client: unrecognized winsock error 10054
2023-03-27 16:55:10.212 -03 [7904] LOG:  could not receive data from client: unrecognized winsock error 10054
