2023-03-24 14:51:08.561 -03 [14136] ERROR:  syntax error at or near "area" at character 65
2023-03-24 14:51:08.561 -03 [14136] STATEMENT:  select * from area a left join fazenda f on f.codfaz = a.codfaz area WHERE codaria = $1
2023-03-24 14:51:12.995 -03 [13356] ERROR:  syntax error at or near "area" at character 65
2023-03-24 14:51:12.995 -03 [13356] STATEMENT:  select * from area a left join fazenda f on f.codfaz = a.codfaz area WHERE codaria = $1
2023-03-24 16:20:54.796 -03 [1964] ERROR:  missing FROM-clause entry for table "a" at character 58
2023-03-24 16:20:54.796 -03 [1964] STATEMENT:  select * from quadra q left join fazenda f on f.codfaz = a.codfaz
2023-03-24 16:23:39.375 -03 [1964] ERROR:  column a.codarea does not exist at character 87
2023-03-24 16:23:39.375 -03 [1964] HINT:  Perhaps you meant to reference the column "a.codaria".
2023-03-24 16:23:39.375 -03 [1964] STATEMENT:  select * from quadra q left join fazenda f on f.codfaz = q.codfaz
	left join area a on a.codarea = q.codarea
2023-03-24 16:24:21.913 -03 [1964] ERROR:  column q.codarea does not exist at character 99
2023-03-24 16:24:21.913 -03 [1964] HINT:  Perhaps you meant to reference the column "q.codaria".
2023-03-24 16:24:21.913 -03 [1964] STATEMENT:  select * from quadra q left join fazenda f on f.codfaz = q.codfaz
	left join area a on a.codaria = q.codarea
2023-03-24 16:24:43.976 -03 [1964] ERROR:  column q.codarea does not exist at character 99
2023-03-24 16:24:43.976 -03 [1964] HINT:  Perhaps you meant to reference the column "q.codaria".
2023-03-24 16:24:43.976 -03 [1964] STATEMENT:  select * from quadra q left join fazenda f on f.codfaz = q.codfaz
	left join area a on a.codaria = q.codarea
2023-03-24 16:30:41.723 -03 [1964] ERROR:  syntax error at or near "." at character 53
2023-03-24 16:30:41.723 -03 [1964] STATEMENT:  select q.codquadra, a.codaria, a.descricao, f.nome q.descricao,   from quadra q left join fazenda f on f.codfaz = q.codfaz
	left join area a on a.codaria = q.codaria
2023-03-24 16:30:46.135 -03 [1964] ERROR:  syntax error at or near "from" at character 68
2023-03-24 16:30:46.135 -03 [1964] STATEMENT:  select q.codquadra, a.codaria, a.descricao, f.nome, q.descricao,   from quadra q left join fazenda f on f.codfaz = q.codfaz
	left join area a on a.codaria = q.codaria
2023-03-24 16:41:11.727 -03 [1964] ERROR:  column reference "codfaz" is ambiguous at character 179
2023-03-24 16:41:11.727 -03 [1964] STATEMENT:  select q.codquadra, q.codaria, q.descricao, f.nome, a.descricao area  from quadra q left join fazenda f on f.codfaz = q.codfaz
	left join area a on a.codaria = q.codaria ORDER BY codfaz, descricao ASC
2023-03-24 16:55:11.431 -03 [14944] LOG:  could not receive data from client: unrecognized winsock error 10054
2023-03-24 16:55:11.431 -03 [1964] LOG:  could not receive data from client: unrecognized winsock error 10054
2023-03-24 16:55:11.434 -03 [4016] LOG:  could not receive data from client: unrecognized winsock error 10054
2023-03-24 16:55:11.437 -03 [4024] LOG:  could not receive data from client: unrecognized winsock error 10054
2023-03-24 16:55:11.527 -03 [12072] LOG:  could not receive data from client: unrecognized winsock error 10054
2023-03-25 08:21:58.562 -03 [8104] LOG:  could not receive data from client: unrecognized winsock error 10054
2023-03-25 08:30:51.124 -03 [4416] ERROR:  syntax error at or near ":" at character 51
2023-03-25 08:30:51.124 -03 [4416] STATEMENT:  select codarea, descricao from area where codfaz =:codarea
2023-03-25 08:31:01.512 -03 [4416] ERROR:  column "codarea" does not exist at character 8
2023-03-25 08:31:01.512 -03 [4416] HINT:  Perhaps you meant to reference the column "area.codaria".
2023-03-25 08:31:01.512 -03 [4416] STATEMENT:  select codarea, descricao from area where codfaz = 1
2023-03-25 09:35:48.209 -03 [12716] ERROR:  invalid input syntax for type integer: "NaN"
2023-03-25 09:35:48.209 -03 [12716] CONTEXT:  unnamed portal parameter $1 = '...'
2023-03-25 09:35:48.209 -03 [12716] STATEMENT:  select codaria, descricao from area where codfaz = $1 order by descricao 
2023-03-25 10:17:38.658 -03 [7600] ERROR:  invalid input syntax for type integer: "NaN"
2023-03-25 10:17:38.658 -03 [7600] CONTEXT:  unnamed portal parameter $1 = '...'
2023-03-25 10:17:38.658 -03 [7600] STATEMENT:  select codaria, descricao from area where codfaz = $1 order by descricao 
2023-03-25 10:17:46.045 -03 [4744] ERROR:  invalid input syntax for type integer: "NaN"
2023-03-25 10:17:46.045 -03 [4744] CONTEXT:  unnamed portal parameter $1 = '...'
2023-03-25 10:17:46.045 -03 [4744] STATEMENT:  select codaria, descricao from area where codfaz = $1 order by descricao 
2023-03-25 10:17:48.782 -03 [2792] ERROR:  invalid input syntax for type integer: "NaN"
2023-03-25 10:17:48.782 -03 [2792] CONTEXT:  unnamed portal parameter $1 = '...'
2023-03-25 10:17:48.782 -03 [2792] STATEMENT:  select codaria, descricao from area where codfaz = $1 order by descricao 
2023-03-25 10:56:43.758 -03 [980] LOG:  could not receive data from client: unrecognized winsock error 10054
2023-03-25 10:56:43.758 -03 [13080] LOG:  could not receive data from client: unrecognized winsock error 10054
2023-03-25 10:56:43.758 -03 [4416] LOG:  could not receive data from client: unrecognized winsock error 10054
2023-03-25 10:56:43.763 -03 [13048] LOG:  could not receive data from client: unrecognized winsock error 10054
2023-03-25 10:56:43.786 -03 [17152] LOG:  could not receive data from client: unrecognized winsock error 10054
