2023-02-16 07:49:55.371 -03 [11220] ERROR:  null value in column "codfaz" of relation "area" violates not-null constraint
2023-02-16 07:49:55.371 -03 [11220] DETAIL:  Failing row contains (8, null, null, null).
2023-02-16 07:49:55.371 -03 [11220] STATEMENT:  INSERT INTO area (codfaz, descricao, valor) VALUES ($1, $2, $3)
2023-02-16 08:44:15.285 -03 [12228] ERROR:  invalid input syntax for type integer: ""
2023-02-16 08:44:15.285 -03 [12228] CONTEXT:  unnamed portal parameter $1 = ''
2023-02-16 08:44:15.285 -03 [12228] STATEMENT:  INSERT INTO area (codfaz, descricao, valor) VALUES ($1, $2, $3)
2023-02-16 11:46:01.177 -03 [4024] ERROR:  column "nomes" of relation "fazenda" does not exist at character 22
2023-02-16 11:46:01.177 -03 [4024] STATEMENT:  INSERT INTO fazenda (nomes) VALUES ($1)
2023-02-16 13:52:53.383 -03 [7716] ERROR:  column "nomes" of relation "fazenda" does not exist at character 22
2023-02-16 13:52:53.383 -03 [7716] STATEMENT:  INSERT INTO fazenda (nomes) VALUES ($1)
2023-02-16 13:53:06.341 -03 [10780] ERROR:  column "nomes" of relation "fazenda" does not exist at character 22
2023-02-16 13:53:06.341 -03 [10780] STATEMENT:  INSERT INTO fazenda (nomes) VALUES ($1)
2023-02-16 14:26:09.736 -03 [1736] ERROR:  null value in column "codaria" of relation "quadra" violates not-null constraint
2023-02-16 14:26:09.736 -03 [1736] DETAIL:  Failing row contains (1, null, 1, quadra1).
2023-02-16 14:26:09.736 -03 [1736] STATEMENT:  INSERT INTO quadra ( codaria, codfaz, descricao) VALUES ($1, $2, $3)
2023-02-16 14:35:00.573 -03 [11596] LOG:  could not receive data from client: unrecognized winsock error 10054
2023-02-16 14:35:07.518 -03 [6856] ERROR:  column "codariar" of relation "quadra" does not exist at character 22
2023-02-16 14:35:07.518 -03 [6856] STATEMENT:  INSERT INTO quadra ( codariar, codfaz, descricao) VALUES ($1, $2, $3)
2023-02-16 15:26:32.480 -03 [7428] ERROR:  column "codariar" of relation "quadra" does not exist at character 22
2023-02-16 15:26:32.480 -03 [7428] STATEMENT:  INSERT INTO quadra ( codariar, codfaz, descricao) VALUES ($1, $2, $3)
2023-02-16 16:16:54.117 -03 [11272] LOG:  could not receive data from client: unrecognized winsock error 10054
2023-02-16 16:17:04.585 -03 [2360] LOG:  could not receive data from client: unrecognized winsock error 10054
2023-02-16 16:17:08.469 -03 [1788] ERROR:  column "codariar" of relation "quadra" does not exist at character 22
2023-02-16 16:17:08.469 -03 [1788] STATEMENT:  INSERT INTO quadra ( codariar, codfaz, descricao) VALUES ($1, $2, $3)
2023-02-16 16:35:39.581 -03 [1368] ERROR:  relation "quadras" does not exist at character 15
2023-02-16 16:35:39.581 -03 [1368] STATEMENT:  SELECT * FROM quadras ORDER BY nome ASC
2023-02-16 16:35:53.251 -03 [12004] ERROR:  relation "quadras" does not exist at character 15
2023-02-16 16:35:53.251 -03 [12004] STATEMENT:  SELECT * FROM quadras ORDER BY descricao ASC
2023-02-16 16:36:11.965 -03 [3664] ERROR:  relation "quadras" does not exist at character 15
2023-02-16 16:36:11.965 -03 [3664] STATEMENT:  SELECT * FROM quadras ORDER BY descricao ASC
2023-02-16 16:53:05.161 -03 [2436] LOG:  could not receive data from client: unrecognized winsock error 10054
2023-02-16 16:53:05.161 -03 [228] LOG:  could not receive data from client: unrecognized winsock error 10054
2023-02-16 16:53:05.162 -03 [5992] LOG:  could not receive data from client: unrecognized winsock error 10054
2023-02-17 07:20:02.810 -03 [10724] ERROR:  relation "aria" does not exist at character 13
2023-02-17 07:20:02.810 -03 [10724] STATEMENT:  DELETE FROM aria WHERE codfaz = $1
2023-02-17 09:08:40.299 -03 [8580] ERROR:  insert or update on table "colhedor" violates foreign key constraint "cei_refpk"
2023-02-17 09:08:40.299 -03 [8580] DETAIL:  Key (codcei)=(1) is not present in table "CEI".
2023-02-17 09:08:40.299 -03 [8580] STATEMENT:  INSERT INTO colhedor ( guuidcolhedor, nome, cpf, numero, codcei) VALUES ($1, $2, $3, $4, $5)
2023-02-17 11:01:24.114 -03 [11376] LOG:  could not receive data from client: unrecognized winsock error 10054
2023-02-17 11:01:24.115 -03 [5032] LOG:  could not receive data from client: unrecognized winsock error 10054
2023-02-17 11:01:24.117 -03 [10160] LOG:  could not receive data from client: unrecognized winsock error 10054
2023-02-17 11:01:24.117 -03 [6176] LOG:  could not receive data from client: unrecognized winsock error 10054
2023-02-17 11:01:24.117 -03 [4844] LOG:  could not receive data from client: unrecognized winsock error 10054
2023-02-17 11:18:00.765 -03 [3220] ERROR:  syntax error at or near ":" at character 42
2023-02-17 11:18:00.765 -03 [3220] STATEMENT:  select usuario, senha from usuario where :usuario and :senha
2023-02-17 11:19:08.466 -03 [3220] ERROR:  syntax error at or near "=" at character 42
2023-02-17 11:19:08.466 -03 [3220] STATEMENT:  select usuario, senha from usuario where =:usuario and =:senha
2023-02-17 11:19:32.901 -03 [3220] ERROR:  syntax error at or near "=" at character 42
2023-02-17 11:19:32.901 -03 [3220] STATEMENT:  select usuario, senha from usuario where ='edmar' and ='ee304060'
2023-02-17 11:19:50.491 -03 [3220] ERROR:  syntax error at or near "=" at character 29
2023-02-17 11:19:50.491 -03 [3220] STATEMENT:  select * from usuario where ='edmar' and ='ee304060'
2023-02-17 11:19:56.575 -03 [3220] ERROR:  relation "usuario" does not exist at character 15
2023-02-17 11:19:56.575 -03 [3220] STATEMENT:  select * from usuario 
2023-02-17 11:20:06.999 -03 [3220] ERROR:  relation "usuario" does not exist at character 15
2023-02-17 11:20:06.999 -03 [3220] STATEMENT:  select * from usuario
2023-02-17 11:23:28.017 -03 [10360] ERROR:  syntax error at or near ":" at character 29
2023-02-17 11:23:28.017 -03 [10360] STATEMENT:  select * from usuario where :usuario and :senha
2023-02-17 11:23:49.265 -03 [10360] ERROR:  syntax error at or near ":" at character 37
2023-02-17 11:23:49.265 -03 [10360] STATEMENT:  select * from usuario where usuario :usuario and senha :senha
2023-02-17 11:23:58.576 -03 [10360] ERROR:  syntax error at or near ":" at character 38
2023-02-17 11:23:58.576 -03 [10360] STATEMENT:  select * from usuario where usuario =:usuario and senha =:senha
2023-02-17 14:05:43.623 -03 [8548] LOG:  could not receive data from client: unrecognized winsock error 10054
2023-02-17 14:05:53.214 -03 [9364] LOG:  could not receive data from client: unrecognized winsock error 10054
2023-02-17 14:17:47.521 -03 [1576] LOG:  could not receive data from client: unrecognized winsock error 10054
