2023-02-11 10:06:44.379 -03 [10228] ERROR:  new encoding (WIN1252) is incompatible with the encoding of the template database (UTF8)
2023-02-11 10:06:44.379 -03 [10228] HINT:  Use the same encoding as in the template database, or use template0 as template.
2023-02-11 10:06:44.379 -03 [10228] STATEMENT:  CREATE DATABASE colheita
	    WITH
	    OWNER = postgres
	    ENCODING = 'WIN1252'
	    CONNECTION LIMIT = -1
	    IS_TEMPLATE = False;
	
2023-02-11 10:23:09.147 -03 [1792] ERROR:  null value in column "id" of relation "usuario" violates not-null constraint
2023-02-11 10:23:09.147 -03 [1792] DETAIL:  Failing row contains (null, edmar               , soares  ).
2023-02-11 10:23:09.147 -03 [1792] STATEMENT:  INSERT INTO public.usuario (
	usuario, senha) VALUES (
	'edmar', 'soares')
	 returning id;
2023-02-11 10:26:57.708 -03 [4212] ERROR:  syntax error at or near "into" at character 1
2023-02-11 10:26:57.708 -03 [4212] STATEMENT:  into into usuario (usuario, senha) vaue ('teste', '123456')
2023-02-11 10:27:39.007 -03 [4212] ERROR:  syntax error at or near "into" at character 1
2023-02-11 10:27:39.007 -03 [4212] STATEMENT:  into into usuario (id, usuario, senha) vaue ('-1', 'teste', '123456')
2023-02-11 10:27:46.048 -03 [4212] ERROR:  syntax error at or near "into" at character 1
2023-02-11 10:27:46.048 -03 [4212] STATEMENT:  into into usuario (id, usuario, senha) vaue ('2', 'teste', '123456')
2023-02-11 10:29:02.505 -03 [4212] ERROR:  syntax error at or near "into" at character 1
2023-02-11 10:29:02.505 -03 [4212] STATEMENT:  into into usuario (id, usuario, senha) vaue ('2', 'teste', '123456')
2023-02-11 10:32:20.632 -03 [2924] ERROR:  null value in column "id" of relation "usuario" violates not-null constraint
2023-02-11 10:32:20.632 -03 [2924] DETAIL:  Failing row contains (null, testes              , 123456  ).
2023-02-11 10:32:20.632 -03 [2924] STATEMENT:  INSERT INTO public.usuario (
	usuario, senha) VALUES (
	'testes', '123456')
	 returning id;
2023-02-11 10:35:48.456 -03 [6744] ERROR:  syntax error at or near "(" at character 13
2023-02-11 10:35:48.456 -03 [6744] STATEMENT:  insert into ('usuario', 'senha') value ('edmar', 'soares')
2023-02-11 10:36:25.455 -03 [6744] ERROR:  syntax error at or near "'usuario'" at character 22
2023-02-11 10:36:25.455 -03 [6744] STATEMENT:  insert into usuario ('usuario', 'senha') value ('edmar', 'soares')
2023-02-11 10:36:40.400 -03 [6744] ERROR:  syntax error at or near "'usuario'" at character 22
2023-02-11 10:36:40.400 -03 [6744] STATEMENT:  insert into usuario ('usuario', 'senha') value ('edmar', 'soares');
2023-02-11 10:37:01.428 -03 [6744] ERROR:  syntax error at or near "'usuario'" at character 22
2023-02-11 10:37:01.428 -03 [6744] STATEMENT:  insert into usuario ('usuario', 'senha') value ('edmar', 'soares');
2023-02-11 10:37:20.761 -03 [6744] ERROR:  syntax error at or near "value" at character 38
2023-02-11 10:37:20.761 -03 [6744] STATEMENT:  insert into usuario (usuario, senha) value ('edmar', 'soares');
2023-02-11 10:52:24.492 -03 [10228] LOG:  could not receive data from client: unrecognized winsock error 10054
2023-02-11 10:52:24.493 -03 [2924] LOG:  could not receive data from client: unrecognized winsock error 10054
2023-02-11 10:52:24.493 -03 [4212] LOG:  could not receive data from client: unrecognized winsock error 10054
2023-02-11 10:52:24.502 -03 [12332] LOG:  could not receive data from client: unrecognized winsock error 10054
2023-02-11 10:52:24.504 -03 [9484] LOG:  could not receive data from client: unrecognized winsock error 10054
2023-02-11 10:52:24.507 -03 [1792] LOG:  could not receive data from client: unrecognized winsock error 10054
2023-02-11 10:52:24.511 -03 [4488] LOG:  could not receive data from client: unrecognized winsock error 10054
2023-02-11 10:52:24.512 -03 [6744] LOG:  could not receive data from client: unrecognized winsock error 10054
